[Wed,07-Jun-2017 09:15:51] En ligne : 8 From : C:\xampp\htdocs\coursphp\index.php Erreur:Identification incorrect
[Wed,07-Jun-2017 09:15:53] En ligne : 8 From : C:\xampp\htdocs\coursphp\index.php Erreur:Identification incorrect
[Wed,07-Jun-2017 09:15:58] En ligne : 8 From : C:\xampp\htdocs\coursphp\index.php Erreur:Identification incorrect
[Wed,07-Jun-2017 09:16:33] En ligne : 8 From : C:\xampp\htdocs\coursphp\index.php Erreur:Identification incorrect
[Wed,07-Jun-2017 09:16:43] En ligne : 8 From : C:\xampp\htdocs\coursphp\index.php Erreur:Identification incorrect
[Wed,07-Jun-2017 09:17:05] En ligne : 8 From : C:\xampp\htdocs\coursphp\index.php Erreur:Erreur pendant l'inscription, veuillez prendre contact !
[Wed,07-Jun-2017 09:17:17] En ligne : 8 From : C:\xampp\htdocs\coursphp\index.php Erreur:Erreur pendant l'inscription, veuillez prendre contact !
[Wed,07-Jun-2017 09:18:22] En ligne : 8 From : C:\xampp\htdocs\coursphp\index.php Erreur:Erreur pendant l'inscription, veuillez prendre contact !
[Wed,07-Jun-2017 09:19:24] En ligne : 8 From : C:\xampp\htdocs\coursphp\index.php Erreur:Erreur pendant l'inscription, veuillez prendre contact !
[Wed,07-Jun-2017 09:27:27] En ligne : 8 From : C:\xampp\htdocs\coursphp\index.php Erreur:Compte existant
[Wed,07-Jun-2017 09:30:59] En ligne : 12 From : C:\xampp\htdocs\coursphp\model\db_init.php Erreur de connexion1045:Access denied for user '_DB_USR'@'localhost' (using password: YES)
[Wed,07-Jun-2017 09:32:26] En ligne : 13 From : C:\xampp\htdocs\coursphp\model\db_init.php Erreur de connexion1045:Access denied for user '_DB_USR'@'localhost' (using password: YES)
[Wed,07-Jun-2017 09:32:29] En ligne : 13 From : C:\xampp\htdocs\coursphp\model\db_init.php Erreur de connexion1045:Access denied for user '_DB_USR'@'localhost' (using password: YES)
[Wed,07-Jun-2017 09:33:01] En ligne : 13 From : C:\xampp\htdocs\coursphp\model\db_init.php Erreur de connexion1045:Access denied for user '_DB_USR'@'localhost' (using password: YES)
[Wed,07-Jun-2017 09:33:02] En ligne : 13 From : C:\xampp\htdocs\coursphp\model\db_init.php Erreur de connexion1045:Access denied for user '_DB_USR'@'localhost' (using password: YES)
[Wed,07-Jun-2017 09:33:03] En ligne : 13 From : C:\xampp\htdocs\coursphp\model\db_init.php Erreur de connexion1045:Access denied for user '_DB_USR'@'localhost' (using password: YES)
[Wed,07-Jun-2017 09:34:16] En ligne : 13 From : C:\xampp\htdocs\coursphp\model\db_init.php Erreur de connexion1045:Access denied for user '_DB_USR'@'localhost' (using password: YES)
[Wed,07-Jun-2017 09:34:35] En ligne : 13 From : C:\xampp\htdocs\coursphp\model\db_init.php Erreur de connexion1045:Access denied for user '_DB_USR'@'localhost' (using password: YES)
[Wed,07-Jun-2017 09:34:41] En ligne : 13 From : C:\xampp\htdocs\coursphp\model\db_init.php Erreur de connexion1045:Access denied for user '_DB_USR'@'localhost' (using password: YES)
[Wed,07-Jun-2017 09:34:46] En ligne : 13 From : C:\xampp\htdocs\coursphp\model\db_init.php Erreur de connexion1045:Access denied for user '_DB_USR'@'localhost' (using password: YES)
[Wed,07-Jun-2017 09:37:23] En ligne : 13 From : C:\xampp\htdocs\coursphp\model\db_init.php Erreur de connexion1045:Access denied for user '_DB_USR'@'localhost' (using password: YES)
[Wed,07-Jun-2017 09:37:27] En ligne : 13 From : C:\xampp\htdocs\coursphp\model\db_init.php Erreur de connexion1045:Access denied for user '_DB_USR'@'localhost' (using password: YES)
[Wed,07-Jun-2017 09:37:39] En ligne : 13 From : C:\xampp\htdocs\coursphp\model\db_init.php Erreur de connexion1045:Access denied for user '_DB_USR'@'localhost' (using password: YES)
[Wed,07-Jun-2017 09:38:11] En ligne : 13 From : C:\xampp\htdocs\coursphp\model\db_init.php Erreur de connexion1045:Access denied for user '_DB_USR'@'localhost' (using password: YES)
[Wed,07-Jun-2017 09:39:01] En ligne : 13 From : C:\xampp\htdocs\coursphp\model\db_init.php Erreur de connexion1045:Access denied for user '_DB_USR'@'localhost' (using password: YES)
[Wed,07-Jun-2017 09:41:24] En ligne : 13 From : C:\xampp\htdocs\coursphp\model\db_init.php Erreur de connexion1045:Access denied for user '_DB_USR'@'localhost' (using password: YES)
[Wed,07-Jun-2017 09:41:34] En ligne : 13 From : C:\xampp\htdocs\coursphp\model\db_init.php Erreur de connexion1045:Access denied for user '_DB_USR'@'localhost' (using password: YES)
[Wed,07-Jun-2017 09:42:22] En ligne : 13 From : C:\xampp\htdocs\coursphp\model\db_init.php Erreur de connexion1045:Access denied for user 'reve'@'localhost' (using password: YES)
[Wed,07-Jun-2017 09:42:31] En ligne : 13 From : C:\xampp\htdocs\coursphp\model\db_init.php Erreur de connexion1045:Access denied for user 'reve'@'localhost' (using password: YES)
[Wed,07-Jun-2017 09:42:41] En ligne : 13 From : C:\xampp\htdocs\coursphp\model\db_init.php Erreur de connexion1045:Access denied for user 'reve'@'localhost' (using password: YES)
[Wed,07-Jun-2017 09:42:48] En ligne : 13 From : C:\xampp\htdocs\coursphp\model\db_init.php Erreur de connexion1045:Access denied for user 'reve'@'localhost' (using password: YES)
[Wed,07-Jun-2017 09:43:50] En ligne : 13 From : C:\xampp\htdocs\coursphp\model\db_init.php Erreur de connexion1045:Access denied for user 'reve'@'localhost' (using password: YES)
[Wed,07-Jun-2017 09:45:30] En ligne : 13 From : C:\xampp\htdocs\coursphp\model\db_init.php Erreur de connexion1045:Access denied for user 'reve'@'localhost' (using password: YES)
[Wed,07-Jun-2017 09:45:32] En ligne : 13 From : C:\xampp\htdocs\coursphp\model\db_init.php Erreur de connexion1045:Access denied for user 'reve'@'localhost' (using password: YES)
[Wed,07-Jun-2017 09:45:40] En ligne : 13 From : C:\xampp\htdocs\coursphp\model\db_init.php Erreur de connexion1045:Access denied for user 'reve'@'localhost' (using password: YES)
[Wed,07-Jun-2017 09:45:45] En ligne : 13 From : C:\xampp\htdocs\coursphp\model\db_init.php Erreur de connexion1045:Access denied for user 'reve'@'localhost' (using password: YES)
[Wed,07-Jun-2017 09:46:40] En ligne : 13 From : C:\xampp\htdocs\coursphp\model\db_init.php Erreur de connexion1045:Access denied for user 'reve'@'localhost' (using password: YES)
[Wed,07-Jun-2017 09:50:01] En ligne : 13 From : C:\xampp\htdocs\coursphp\model\db_init.php Erreur de connexion1045:Access denied for user 'reve'@'localhost' (using password: YES)
[Wed,07-Jun-2017 09:50:02] En ligne : 13 From : C:\xampp\htdocs\coursphp\model\db_init.php Erreur de connexion1045:Access denied for user 'reve'@'localhost' (using password: YES)
[Wed,07-Jun-2017 09:54:29] En ligne : 13 From : C:\xampp\htdocs\coursphp\model\db_init.php Erreur de connexion1045:Access denied for user 'reve'@'localhost' (using password: YES)
[Wed,07-Jun-2017 10:30:44] En ligne : 13 From : C:\xampp\htdocs\coursphp\model\db_init.php Erreur de connexion1045:Access denied for user 'reve'@'localhost' (using password: YES)
[Wed,07-Jun-2017 10:42:21] En ligne : 12 From : C:\xampp\htdocs\coursphp\model\db_internaute.php Erreur sur la requête :select * from internaute where  order by id asc:You have an error in your SQL syntax; check the manual that corresponds to your MariaDB server version for the right syntax to use near 'order by id asc' at line 1
[Wed,07-Jun-2017 10:43:11] En ligne : 12 From : C:\xampp\htdocs\coursphp\model\db_internaute.php Erreur sur la requête :select * from internaute where Benjamin order by id asc:Unknown column 'Benjamin' in 'where clause'
[Wed,07-Jun-2017 10:43:48] En ligne : 12 From : C:\xampp\htdocs\coursphp\model\db_internaute.php Erreur sur la requête :select * from internaute where Benjamin order by id asc:Unknown column 'Benjamin' in 'where clause'
[Wed,07-Jun-2017 10:44:16] En ligne : 12 From : C:\xampp\htdocs\coursphp\model\db_internaute.php Erreur sur la requête :select * from internaute where Benjamin order by id asc:Unknown column 'Benjamin' in 'where clause'
[Wed,07-Jun-2017 10:45:09] En ligne : 12 From : C:\xampp\htdocs\coursphp\model\db_internaute.php Erreur sur la requête :select * from internaute where Benjamin order by id asc:Unknown column 'Benjamin' in 'where clause'
[Wed,07-Jun-2017 10:45:10] En ligne : 12 From : C:\xampp\htdocs\coursphp\model\db_internaute.php Erreur sur la requête :select * from internaute where Benjamin order by id asc:Unknown column 'Benjamin' in 'where clause'
[Wed,07-Jun-2017 10:47:37] En ligne : 12 From : C:\xampp\htdocs\coursphp\model\db_internaute.php Erreur sur la requête :select * from internaute where Benjamin order by id asc:Unknown column 'Benjamin' in 'where clause'
[Wed,07-Jun-2017 10:48:54] En ligne : 12 From : C:\xampp\htdocs\coursphp\model\db_internaute.php Erreur sur la requête :select * from internaute where login=Benjamin order by id asc:Unknown column 'Benjamin' in 'where clause'
[Wed,07-Jun-2017 10:49:38] En ligne : 12 From : C:\xampp\htdocs\coursphp\model\db_internaute.php Erreur sur la requête :select * from internaute where login=\'Benjamin\' order by id asc:You have an error in your SQL syntax; check the manual that corresponds to your MariaDB server version for the right syntax to use near '\'Benjamin\' order by id asc' at line 1
[Wed,07-Jun-2017 10:49:39] En ligne : 12 From : C:\xampp\htdocs\coursphp\model\db_internaute.php Erreur sur la requête :select * from internaute where login=\'Benjamin\' order by id asc:You have an error in your SQL syntax; check the manual that corresponds to your MariaDB server version for the right syntax to use near '\'Benjamin\' order by id asc' at line 1
[Wed,07-Jun-2017 10:49:39] En ligne : 12 From : C:\xampp\htdocs\coursphp\model\db_internaute.php Erreur sur la requête :select * from internaute where login=\'Benjamin\' order by id asc:You have an error in your SQL syntax; check the manual that corresponds to your MariaDB server version for the right syntax to use near '\'Benjamin\' order by id asc' at line 1
[Wed,07-Jun-2017 11:23:15] En ligne : 149 From : C:\xampp\htdocs\coursphp\controllers\_form_control.php Erreur Login
[Wed,07-Jun-2017 11:23:16] En ligne : 8 From : C:\xampp\htdocs\coursphp\index.php Erreur:Erreur de Nom D'auteur
[Wed,07-Jun-2017 16:03:44] En ligne : 12 From : C:\xampp\htdocs\coursphp\model\db_auteur.php Erreur sur la requête :select * from auteur where id= order by id asc:You have an error in your SQL syntax; check the manual that corresponds to your MariaDB server version for the right syntax to use near 'order by id asc' at line 1
