[Mon,17-Jul-2017 08:51:25] En ligne : 38 From : C:\xampp\htdocs\projet2\model\db_post.php Probleme avec 
[Mon,17-Jul-2017 09:51:54] En ligne : 40 From : C:\xampp\htdocs\projet2\model\db_post.php SELECT *,post.id as post_id,post.id_utilisateur as id_utilisateur,media.chemin,media.type 
	from post,media,utilisateur 
	where post.id>? and post.id_media = media.id and post.id_utilisateur
	in ( select utilisateur_amis.id_utilisateur FROM projet2.utilisateur_amis WHERE utilisateur_amis.id_utilisateur2=? AND utilisateur_amis.etat=1 ) 
    or post.id_utilisateur 
	in ( select utilisateur_amis.id_utilisateur2 FROM projet2.utilisateur_amis WHERE utilisateur_amis.id_utilisateur=? AND utilisateur_amis.etat=1 ) 
	or ( select equipe_utilisateur.id_utilisateur FROM projet2.equipe_utilisateur WHERE equipe_utilisateur.id_utilisateur=? AND equipe_utilisateur.etat=1 ) and post.id_media = media.id  
    group by post.titre order by post.date DESC limit 2
[Mon,17-Jul-2017 09:52:04] En ligne : 40 From : C:\xampp\htdocs\projet2\model\db_post.php SELECT *,post.id as post_id,post.id_utilisateur as id_utilisateur,media.chemin,media.type 
	from post,media,utilisateur 
	where post.id>? and post.id_media = media.id and post.id_utilisateur
	in ( select utilisateur_amis.id_utilisateur FROM projet2.utilisateur_amis WHERE utilisateur_amis.id_utilisateur2=? AND utilisateur_amis.etat=1 ) 
    or post.id_utilisateur 
	in ( select utilisateur_amis.id_utilisateur2 FROM projet2.utilisateur_amis WHERE utilisateur_amis.id_utilisateur=? AND utilisateur_amis.etat=1 ) 
	or ( select equipe_utilisateur.id_utilisateur FROM projet2.equipe_utilisateur WHERE equipe_utilisateur.id_utilisateur=? AND equipe_utilisateur.etat=1 ) and post.id_media = media.id  
    group by post.titre order by post.date DESC limit 2
[Mon,17-Jul-2017 09:52:14] En ligne : 40 From : C:\xampp\htdocs\projet2\model\db_post.php SELECT *,post.id as post_id,post.id_utilisateur as id_utilisateur,media.chemin,media.type 
	from post,media,utilisateur 
	where post.id>? and post.id_media = media.id and post.id_utilisateur
	in ( select utilisateur_amis.id_utilisateur FROM projet2.utilisateur_amis WHERE utilisateur_amis.id_utilisateur2=? AND utilisateur_amis.etat=1 ) 
    or post.id_utilisateur 
	in ( select utilisateur_amis.id_utilisateur2 FROM projet2.utilisateur_amis WHERE utilisateur_amis.id_utilisateur=? AND utilisateur_amis.etat=1 ) 
	or ( select equipe_utilisateur.id_utilisateur FROM projet2.equipe_utilisateur WHERE equipe_utilisateur.id_utilisateur=? AND equipe_utilisateur.etat=1 ) and post.id_media = media.id  
    group by post.titre order by post.date DESC limit 2
[Mon,17-Jul-2017 09:52:18] En ligne : 40 From : C:\xampp\htdocs\projet2\model\db_post.php SELECT *,post.id as post_id,post.id_utilisateur as id_utilisateur,media.chemin,media.type 
	from post,media,utilisateur 
	where post.id>? and post.id_media = media.id and post.id_utilisateur
	in ( select utilisateur_amis.id_utilisateur FROM projet2.utilisateur_amis WHERE utilisateur_amis.id_utilisateur2=? AND utilisateur_amis.etat=1 ) 
    or post.id_utilisateur 
	in ( select utilisateur_amis.id_utilisateur2 FROM projet2.utilisateur_amis WHERE utilisateur_amis.id_utilisateur=? AND utilisateur_amis.etat=1 ) 
	or ( select equipe_utilisateur.id_utilisateur FROM projet2.equipe_utilisateur WHERE equipe_utilisateur.id_utilisateur=? AND equipe_utilisateur.etat=1 ) and post.id_media = media.id  
    group by post.titre order by post.date DESC limit 2
[Mon,17-Jul-2017 09:52:28] En ligne : 40 From : C:\xampp\htdocs\projet2\model\db_post.php SELECT *,post.id as post_id,post.id_utilisateur as id_utilisateur,media.chemin,media.type 
	from post,media,utilisateur 
	where post.id>? and post.id_media = media.id and post.id_utilisateur
	in ( select utilisateur_amis.id_utilisateur FROM projet2.utilisateur_amis WHERE utilisateur_amis.id_utilisateur2=? AND utilisateur_amis.etat=1 ) 
    or post.id_utilisateur 
	in ( select utilisateur_amis.id_utilisateur2 FROM projet2.utilisateur_amis WHERE utilisateur_amis.id_utilisateur=? AND utilisateur_amis.etat=1 ) 
	or ( select equipe_utilisateur.id_utilisateur FROM projet2.equipe_utilisateur WHERE equipe_utilisateur.id_utilisateur=? AND equipe_utilisateur.etat=1 ) and post.id_media = media.id  
    group by post.titre order by post.date DESC limit 2
[Mon,17-Jul-2017 09:52:30] En ligne : 40 From : C:\xampp\htdocs\projet2\model\db_post.php SELECT *,post.id as post_id,post.id_utilisateur as id_utilisateur,media.chemin,media.type 
	from post,media,utilisateur 
	where post.id>? and post.id_media = media.id and post.id_utilisateur
	in ( select utilisateur_amis.id_utilisateur FROM projet2.utilisateur_amis WHERE utilisateur_amis.id_utilisateur2=? AND utilisateur_amis.etat=1 ) 
    or post.id_utilisateur 
	in ( select utilisateur_amis.id_utilisateur2 FROM projet2.utilisateur_amis WHERE utilisateur_amis.id_utilisateur=? AND utilisateur_amis.etat=1 ) 
	or ( select equipe_utilisateur.id_utilisateur FROM projet2.equipe_utilisateur WHERE equipe_utilisateur.id_utilisateur=? AND equipe_utilisateur.etat=1 ) and post.id_media = media.id  
    group by post.titre order by post.date DESC limit 2
[Mon,17-Jul-2017 09:52:40] En ligne : 40 From : C:\xampp\htdocs\projet2\model\db_post.php SELECT *,post.id as post_id,post.id_utilisateur as id_utilisateur,media.chemin,media.type 
	from post,media,utilisateur 
	where post.id>? and post.id_media = media.id and post.id_utilisateur
	in ( select utilisateur_amis.id_utilisateur FROM projet2.utilisateur_amis WHERE utilisateur_amis.id_utilisateur2=? AND utilisateur_amis.etat=1 ) 
    or post.id_utilisateur 
	in ( select utilisateur_amis.id_utilisateur2 FROM projet2.utilisateur_amis WHERE utilisateur_amis.id_utilisateur=? AND utilisateur_amis.etat=1 ) 
	or ( select equipe_utilisateur.id_utilisateur FROM projet2.equipe_utilisateur WHERE equipe_utilisateur.id_utilisateur=? AND equipe_utilisateur.etat=1 ) and post.id_media = media.id  
    group by post.titre order by post.date DESC limit 2
[Mon,17-Jul-2017 09:52:50] En ligne : 40 From : C:\xampp\htdocs\projet2\model\db_post.php SELECT *,post.id as post_id,post.id_utilisateur as id_utilisateur,media.chemin,media.type 
	from post,media,utilisateur 
	where post.id>? and post.id_media = media.id and post.id_utilisateur
	in ( select utilisateur_amis.id_utilisateur FROM projet2.utilisateur_amis WHERE utilisateur_amis.id_utilisateur2=? AND utilisateur_amis.etat=1 ) 
    or post.id_utilisateur 
	in ( select utilisateur_amis.id_utilisateur2 FROM projet2.utilisateur_amis WHERE utilisateur_amis.id_utilisateur=? AND utilisateur_amis.etat=1 ) 
	or ( select equipe_utilisateur.id_utilisateur FROM projet2.equipe_utilisateur WHERE equipe_utilisateur.id_utilisateur=? AND equipe_utilisateur.etat=1 ) and post.id_media = media.id  
    group by post.titre order by post.date DESC limit 2
[Mon,17-Jul-2017 09:53:00] En ligne : 40 From : C:\xampp\htdocs\projet2\model\db_post.php SELECT *,post.id as post_id,post.id_utilisateur as id_utilisateur,media.chemin,media.type 
	from post,media,utilisateur 
	where post.id>? and post.id_media = media.id and post.id_utilisateur
	in ( select utilisateur_amis.id_utilisateur FROM projet2.utilisateur_amis WHERE utilisateur_amis.id_utilisateur2=? AND utilisateur_amis.etat=1 ) 
    or post.id_utilisateur 
	in ( select utilisateur_amis.id_utilisateur2 FROM projet2.utilisateur_amis WHERE utilisateur_amis.id_utilisateur=? AND utilisateur_amis.etat=1 ) 
	or ( select equipe_utilisateur.id_utilisateur FROM projet2.equipe_utilisateur WHERE equipe_utilisateur.id_utilisateur=? AND equipe_utilisateur.etat=1 ) and post.id_media = media.id  
    group by post.titre order by post.date DESC limit 2
[Mon,17-Jul-2017 09:53:10] En ligne : 40 From : C:\xampp\htdocs\projet2\model\db_post.php SELECT *,post.id as post_id,post.id_utilisateur as id_utilisateur,media.chemin,media.type 
	from post,media,utilisateur 
	where post.id>? and post.id_media = media.id and post.id_utilisateur
	in ( select utilisateur_amis.id_utilisateur FROM projet2.utilisateur_amis WHERE utilisateur_amis.id_utilisateur2=? AND utilisateur_amis.etat=1 ) 
    or post.id_utilisateur 
	in ( select utilisateur_amis.id_utilisateur2 FROM projet2.utilisateur_amis WHERE utilisateur_amis.id_utilisateur=? AND utilisateur_amis.etat=1 ) 
	or ( select equipe_utilisateur.id_utilisateur FROM projet2.equipe_utilisateur WHERE equipe_utilisateur.id_utilisateur=? AND equipe_utilisateur.etat=1 ) and post.id_media = media.id  
    group by post.titre order by post.date DESC limit 2
[Mon,17-Jul-2017 09:53:20] En ligne : 40 From : C:\xampp\htdocs\projet2\model\db_post.php SELECT *,post.id as post_id,post.id_utilisateur as id_utilisateur,media.chemin,media.type 
	from post,media,utilisateur 
	where post.id>? and post.id_media = media.id and post.id_utilisateur
	in ( select utilisateur_amis.id_utilisateur FROM projet2.utilisateur_amis WHERE utilisateur_amis.id_utilisateur2=? AND utilisateur_amis.etat=1 ) 
    or post.id_utilisateur 
	in ( select utilisateur_amis.id_utilisateur2 FROM projet2.utilisateur_amis WHERE utilisateur_amis.id_utilisateur=? AND utilisateur_amis.etat=1 ) 
	or ( select equipe_utilisateur.id_utilisateur FROM projet2.equipe_utilisateur WHERE equipe_utilisateur.id_utilisateur=? AND equipe_utilisateur.etat=1 ) and post.id_media = media.id  
    group by post.titre order by post.date DESC limit 2
[Mon,17-Jul-2017 09:53:30] En ligne : 40 From : C:\xampp\htdocs\projet2\model\db_post.php SELECT *,post.id as post_id,post.id_utilisateur as id_utilisateur,media.chemin,media.type 
	from post,media,utilisateur 
	where post.id>? and post.id_media = media.id and post.id_utilisateur
	in ( select utilisateur_amis.id_utilisateur FROM projet2.utilisateur_amis WHERE utilisateur_amis.id_utilisateur2=? AND utilisateur_amis.etat=1 ) 
    or post.id_utilisateur 
	in ( select utilisateur_amis.id_utilisateur2 FROM projet2.utilisateur_amis WHERE utilisateur_amis.id_utilisateur=? AND utilisateur_amis.etat=1 ) 
	or ( select equipe_utilisateur.id_utilisateur FROM projet2.equipe_utilisateur WHERE equipe_utilisateur.id_utilisateur=? AND equipe_utilisateur.etat=1 ) and post.id_media = media.id  
    group by post.titre order by post.date DESC limit 2
[Mon,17-Jul-2017 09:53:40] En ligne : 40 From : C:\xampp\htdocs\projet2\model\db_post.php SELECT *,post.id as post_id,post.id_utilisateur as id_utilisateur,media.chemin,media.type 
	from post,media,utilisateur 
	where post.id>? and post.id_media = media.id and post.id_utilisateur
	in ( select utilisateur_amis.id_utilisateur FROM projet2.utilisateur_amis WHERE utilisateur_amis.id_utilisateur2=? AND utilisateur_amis.etat=1 ) 
    or post.id_utilisateur 
	in ( select utilisateur_amis.id_utilisateur2 FROM projet2.utilisateur_amis WHERE utilisateur_amis.id_utilisateur=? AND utilisateur_amis.etat=1 ) 
	or ( select equipe_utilisateur.id_utilisateur FROM projet2.equipe_utilisateur WHERE equipe_utilisateur.id_utilisateur=? AND equipe_utilisateur.etat=1 ) and post.id_media = media.id  
    group by post.titre order by post.date DESC limit 2
[Mon,17-Jul-2017 09:53:50] En ligne : 40 From : C:\xampp\htdocs\projet2\model\db_post.php SELECT *,post.id as post_id,post.id_utilisateur as id_utilisateur,media.chemin,media.type 
	from post,media,utilisateur 
	where post.id>? and post.id_media = media.id and post.id_utilisateur
	in ( select utilisateur_amis.id_utilisateur FROM projet2.utilisateur_amis WHERE utilisateur_amis.id_utilisateur2=? AND utilisateur_amis.etat=1 ) 
    or post.id_utilisateur 
	in ( select utilisateur_amis.id_utilisateur2 FROM projet2.utilisateur_amis WHERE utilisateur_amis.id_utilisateur=? AND utilisateur_amis.etat=1 ) 
	or ( select equipe_utilisateur.id_utilisateur FROM projet2.equipe_utilisateur WHERE equipe_utilisateur.id_utilisateur=? AND equipe_utilisateur.etat=1 ) and post.id_media = media.id  
    group by post.titre order by post.date DESC limit 2
[Mon,17-Jul-2017 09:54:00] En ligne : 40 From : C:\xampp\htdocs\projet2\model\db_post.php SELECT *,post.id as post_id,post.id_utilisateur as id_utilisateur,media.chemin,media.type 
	from post,media,utilisateur 
	where post.id>? and post.id_media = media.id and post.id_utilisateur
	in ( select utilisateur_amis.id_utilisateur FROM projet2.utilisateur_amis WHERE utilisateur_amis.id_utilisateur2=? AND utilisateur_amis.etat=1 ) 
    or post.id_utilisateur 
	in ( select utilisateur_amis.id_utilisateur2 FROM projet2.utilisateur_amis WHERE utilisateur_amis.id_utilisateur=? AND utilisateur_amis.etat=1 ) 
	or ( select equipe_utilisateur.id_utilisateur FROM projet2.equipe_utilisateur WHERE equipe_utilisateur.id_utilisateur=? AND equipe_utilisateur.etat=1 ) and post.id_media = media.id  
    group by post.titre order by post.date DESC limit 2
[Mon,17-Jul-2017 09:54:10] En ligne : 40 From : C:\xampp\htdocs\projet2\model\db_post.php SELECT *,post.id as post_id,post.id_utilisateur as id_utilisateur,media.chemin,media.type 
	from post,media,utilisateur 
	where post.id>? and post.id_media = media.id and post.id_utilisateur
	in ( select utilisateur_amis.id_utilisateur FROM projet2.utilisateur_amis WHERE utilisateur_amis.id_utilisateur2=? AND utilisateur_amis.etat=1 ) 
    or post.id_utilisateur 
	in ( select utilisateur_amis.id_utilisateur2 FROM projet2.utilisateur_amis WHERE utilisateur_amis.id_utilisateur=? AND utilisateur_amis.etat=1 ) 
	or ( select equipe_utilisateur.id_utilisateur FROM projet2.equipe_utilisateur WHERE equipe_utilisateur.id_utilisateur=? AND equipe_utilisateur.etat=1 ) and post.id_media = media.id  
    group by post.titre order by post.date DESC limit 2
[Mon,17-Jul-2017 09:54:20] En ligne : 40 From : C:\xampp\htdocs\projet2\model\db_post.php SELECT *,post.id as post_id,post.id_utilisateur as id_utilisateur,media.chemin,media.type 
	from post,media,utilisateur 
	where post.id>? and post.id_media = media.id and post.id_utilisateur
	in ( select utilisateur_amis.id_utilisateur FROM projet2.utilisateur_amis WHERE utilisateur_amis.id_utilisateur2=? AND utilisateur_amis.etat=1 ) 
    or post.id_utilisateur 
	in ( select utilisateur_amis.id_utilisateur2 FROM projet2.utilisateur_amis WHERE utilisateur_amis.id_utilisateur=? AND utilisateur_amis.etat=1 ) 
	or ( select equipe_utilisateur.id_utilisateur FROM projet2.equipe_utilisateur WHERE equipe_utilisateur.id_utilisateur=? AND equipe_utilisateur.etat=1 ) and post.id_media = media.id  
    group by post.titre order by post.date DESC limit 2
[Mon,17-Jul-2017 09:54:30] En ligne : 40 From : C:\xampp\htdocs\projet2\model\db_post.php SELECT *,post.id as post_id,post.id_utilisateur as id_utilisateur,media.chemin,media.type 
	from post,media,utilisateur 
	where post.id>? and post.id_media = media.id and post.id_utilisateur
	in ( select utilisateur_amis.id_utilisateur FROM projet2.utilisateur_amis WHERE utilisateur_amis.id_utilisateur2=? AND utilisateur_amis.etat=1 ) 
    or post.id_utilisateur 
	in ( select utilisateur_amis.id_utilisateur2 FROM projet2.utilisateur_amis WHERE utilisateur_amis.id_utilisateur=? AND utilisateur_amis.etat=1 ) 
	or ( select equipe_utilisateur.id_utilisateur FROM projet2.equipe_utilisateur WHERE equipe_utilisateur.id_utilisateur=? AND equipe_utilisateur.etat=1 ) and post.id_media = media.id  
    group by post.titre order by post.date DESC limit 2
[Mon,17-Jul-2017 09:54:40] En ligne : 40 From : C:\xampp\htdocs\projet2\model\db_post.php SELECT *,post.id as post_id,post.id_utilisateur as id_utilisateur,media.chemin,media.type 
	from post,media,utilisateur 
	where post.id>? and post.id_media = media.id and post.id_utilisateur
	in ( select utilisateur_amis.id_utilisateur FROM projet2.utilisateur_amis WHERE utilisateur_amis.id_utilisateur2=? AND utilisateur_amis.etat=1 ) 
    or post.id_utilisateur 
	in ( select utilisateur_amis.id_utilisateur2 FROM projet2.utilisateur_amis WHERE utilisateur_amis.id_utilisateur=? AND utilisateur_amis.etat=1 ) 
	or ( select equipe_utilisateur.id_utilisateur FROM projet2.equipe_utilisateur WHERE equipe_utilisateur.id_utilisateur=? AND equipe_utilisateur.etat=1 ) and post.id_media = media.id  
    group by post.titre order by post.date DESC limit 2
[Mon,17-Jul-2017 09:54:50] En ligne : 40 From : C:\xampp\htdocs\projet2\model\db_post.php SELECT *,post.id as post_id,post.id_utilisateur as id_utilisateur,media.chemin,media.type 
	from post,media,utilisateur 
	where post.id>? and post.id_media = media.id and post.id_utilisateur
	in ( select utilisateur_amis.id_utilisateur FROM projet2.utilisateur_amis WHERE utilisateur_amis.id_utilisateur2=? AND utilisateur_amis.etat=1 ) 
    or post.id_utilisateur 
	in ( select utilisateur_amis.id_utilisateur2 FROM projet2.utilisateur_amis WHERE utilisateur_amis.id_utilisateur=? AND utilisateur_amis.etat=1 ) 
	or ( select equipe_utilisateur.id_utilisateur FROM projet2.equipe_utilisateur WHERE equipe_utilisateur.id_utilisateur=? AND equipe_utilisateur.etat=1 ) and post.id_media = media.id  
    group by post.titre order by post.date DESC limit 2
[Mon,17-Jul-2017 09:55:00] En ligne : 40 From : C:\xampp\htdocs\projet2\model\db_post.php SELECT *,post.id as post_id,post.id_utilisateur as id_utilisateur,media.chemin,media.type 
	from post,media,utilisateur 
	where post.id>? and post.id_media = media.id and post.id_utilisateur
	in ( select utilisateur_amis.id_utilisateur FROM projet2.utilisateur_amis WHERE utilisateur_amis.id_utilisateur2=? AND utilisateur_amis.etat=1 ) 
    or post.id_utilisateur 
	in ( select utilisateur_amis.id_utilisateur2 FROM projet2.utilisateur_amis WHERE utilisateur_amis.id_utilisateur=? AND utilisateur_amis.etat=1 ) 
	or ( select equipe_utilisateur.id_utilisateur FROM projet2.equipe_utilisateur WHERE equipe_utilisateur.id_utilisateur=? AND equipe_utilisateur.etat=1 ) and post.id_media = media.id  
    group by post.titre order by post.date DESC limit 2
[Mon,17-Jul-2017 09:55:10] En ligne : 40 From : C:\xampp\htdocs\projet2\model\db_post.php SELECT *,post.id as post_id,post.id_utilisateur as id_utilisateur,media.chemin,media.type 
	from post,media,utilisateur 
	where post.id>? and post.id_media = media.id and post.id_utilisateur
	in ( select utilisateur_amis.id_utilisateur FROM projet2.utilisateur_amis WHERE utilisateur_amis.id_utilisateur2=? AND utilisateur_amis.etat=1 ) 
    or post.id_utilisateur 
	in ( select utilisateur_amis.id_utilisateur2 FROM projet2.utilisateur_amis WHERE utilisateur_amis.id_utilisateur=? AND utilisateur_amis.etat=1 ) 
	or ( select equipe_utilisateur.id_utilisateur FROM projet2.equipe_utilisateur WHERE equipe_utilisateur.id_utilisateur=? AND equipe_utilisateur.etat=1 ) and post.id_media = media.id  
    group by post.titre order by post.date DESC limit 2
[Mon,17-Jul-2017 09:55:20] En ligne : 40 From : C:\xampp\htdocs\projet2\model\db_post.php SELECT *,post.id as post_id,post.id_utilisateur as id_utilisateur,media.chemin,media.type 
	from post,media,utilisateur 
	where post.id>? and post.id_media = media.id and post.id_utilisateur
	in ( select utilisateur_amis.id_utilisateur FROM projet2.utilisateur_amis WHERE utilisateur_amis.id_utilisateur2=? AND utilisateur_amis.etat=1 ) 
    or post.id_utilisateur 
	in ( select utilisateur_amis.id_utilisateur2 FROM projet2.utilisateur_amis WHERE utilisateur_amis.id_utilisateur=? AND utilisateur_amis.etat=1 ) 
	or ( select equipe_utilisateur.id_utilisateur FROM projet2.equipe_utilisateur WHERE equipe_utilisateur.id_utilisateur=? AND equipe_utilisateur.etat=1 ) and post.id_media = media.id  
    group by post.titre order by post.date DESC limit 2
[Mon,17-Jul-2017 09:55:30] En ligne : 40 From : C:\xampp\htdocs\projet2\model\db_post.php SELECT *,post.id as post_id,post.id_utilisateur as id_utilisateur,media.chemin,media.type 
	from post,media,utilisateur 
	where post.id>? and post.id_media = media.id and post.id_utilisateur
	in ( select utilisateur_amis.id_utilisateur FROM projet2.utilisateur_amis WHERE utilisateur_amis.id_utilisateur2=? AND utilisateur_amis.etat=1 ) 
    or post.id_utilisateur 
	in ( select utilisateur_amis.id_utilisateur2 FROM projet2.utilisateur_amis WHERE utilisateur_amis.id_utilisateur=? AND utilisateur_amis.etat=1 ) 
	or ( select equipe_utilisateur.id_utilisateur FROM projet2.equipe_utilisateur WHERE equipe_utilisateur.id_utilisateur=? AND equipe_utilisateur.etat=1 ) and post.id_media = media.id  
    group by post.titre order by post.date DESC limit 2
[Mon,17-Jul-2017 09:55:40] En ligne : 40 From : C:\xampp\htdocs\projet2\model\db_post.php SELECT *,post.id as post_id,post.id_utilisateur as id_utilisateur,media.chemin,media.type 
	from post,media,utilisateur 
	where post.id>? and post.id_media = media.id and post.id_utilisateur
	in ( select utilisateur_amis.id_utilisateur FROM projet2.utilisateur_amis WHERE utilisateur_amis.id_utilisateur2=? AND utilisateur_amis.etat=1 ) 
    or post.id_utilisateur 
	in ( select utilisateur_amis.id_utilisateur2 FROM projet2.utilisateur_amis WHERE utilisateur_amis.id_utilisateur=? AND utilisateur_amis.etat=1 ) 
	or ( select equipe_utilisateur.id_utilisateur FROM projet2.equipe_utilisateur WHERE equipe_utilisateur.id_utilisateur=? AND equipe_utilisateur.etat=1 ) and post.id_media = media.id  
    group by post.titre order by post.date DESC limit 2
[Mon,17-Jul-2017 09:55:50] En ligne : 40 From : C:\xampp\htdocs\projet2\model\db_post.php SELECT *,post.id as post_id,post.id_utilisateur as id_utilisateur,media.chemin,media.type 
	from post,media,utilisateur 
	where post.id>? and ( post.id_media = media.id and post.id_utilisateur
	in ( select utilisateur_amis.id_utilisateur FROM projet2.utilisateur_amis WHERE utilisateur_amis.id_utilisateur2=? AND utilisateur_amis.etat=1 ) 
    or post.id_utilisateur 
	in ( select utilisateur_amis.id_utilisateur2 FROM projet2.utilisateur_amis WHERE utilisateur_amis.id_utilisateur=? AND utilisateur_amis.etat=1 ) 
	or ( select equipe_utilisateur.id_utilisateur FROM projet2.equipe_utilisateur WHERE equipe_utilisateur.id_utilisateur=? AND equipe_utilisateur.etat=1 ) and post.id_media = media.id ) 
    group by post.titre order by post.date DESC limit 2
[Mon,17-Jul-2017 09:56:00] En ligne : 40 From : C:\xampp\htdocs\projet2\model\db_post.php SELECT *,post.id as post_id,post.id_utilisateur as id_utilisateur,media.chemin,media.type 
	from post,media,utilisateur 
	where post.id>? and ( post.id_media = media.id and post.id_utilisateur
	in ( select utilisateur_amis.id_utilisateur FROM projet2.utilisateur_amis WHERE utilisateur_amis.id_utilisateur2=? AND utilisateur_amis.etat=1 ) 
    or post.id_utilisateur 
	in ( select utilisateur_amis.id_utilisateur2 FROM projet2.utilisateur_amis WHERE utilisateur_amis.id_utilisateur=? AND utilisateur_amis.etat=1 ) 
	or ( select equipe_utilisateur.id_utilisateur FROM projet2.equipe_utilisateur WHERE equipe_utilisateur.id_utilisateur=? AND equipe_utilisateur.etat=1 ) and post.id_media = media.id ) 
    group by post.titre order by post.date DESC limit 2
[Mon,17-Jul-2017 09:56:10] En ligne : 40 From : C:\xampp\htdocs\projet2\model\db_post.php SELECT *,post.id as post_id,post.id_utilisateur as id_utilisateur,media.chemin,media.type 
	from post,media,utilisateur 
	where post.id>? and ( post.id_media = media.id and post.id_utilisateur
	in ( select utilisateur_amis.id_utilisateur FROM projet2.utilisateur_amis WHERE utilisateur_amis.id_utilisateur2=? AND utilisateur_amis.etat=1 ) 
    or post.id_utilisateur 
	in ( select utilisateur_amis.id_utilisateur2 FROM projet2.utilisateur_amis WHERE utilisateur_amis.id_utilisateur=? AND utilisateur_amis.etat=1 ) 
	or ( select equipe_utilisateur.id_utilisateur FROM projet2.equipe_utilisateur WHERE equipe_utilisateur.id_utilisateur=? AND equipe_utilisateur.etat=1 ) and post.id_media = media.id ) 
    group by post.titre order by post.date DESC limit 2
[Mon,17-Jul-2017 09:56:20] En ligne : 40 From : C:\xampp\htdocs\projet2\model\db_post.php SELECT *,post.id as post_id,post.id_utilisateur as id_utilisateur,media.chemin,media.type 
	from post,media,utilisateur 
	where post.id>? and ( post.id_media = media.id and post.id_utilisateur
	in ( select utilisateur_amis.id_utilisateur FROM projet2.utilisateur_amis WHERE utilisateur_amis.id_utilisateur2=? AND utilisateur_amis.etat=1 ) 
    or post.id_utilisateur 
	in ( select utilisateur_amis.id_utilisateur2 FROM projet2.utilisateur_amis WHERE utilisateur_amis.id_utilisateur=? AND utilisateur_amis.etat=1 ) 
	or ( select equipe_utilisateur.id_utilisateur FROM projet2.equipe_utilisateur WHERE equipe_utilisateur.id_utilisateur=? AND equipe_utilisateur.etat=1 ) and post.id_media = media.id ) 
    group by post.titre order by post.date DESC limit 2
[Mon,17-Jul-2017 09:56:30] En ligne : 41 From : C:\xampp\htdocs\projet2\model\db_post.php 1
[Mon,17-Jul-2017 09:56:31] En ligne : 41 From : C:\xampp\htdocs\projet2\model\db_post.php 1
[Mon,17-Jul-2017 09:56:41] En ligne : 41 From : C:\xampp\htdocs\projet2\model\db_post.php 1
[Mon,17-Jul-2017 09:56:51] En ligne : 41 From : C:\xampp\htdocs\projet2\model\db_post.php 1
[Mon,17-Jul-2017 09:57:01] En ligne : 41 From : C:\xampp\htdocs\projet2\model\db_post.php 1
[Mon,17-Jul-2017 09:57:11] En ligne : 41 From : C:\xampp\htdocs\projet2\model\db_post.php 1
[Mon,17-Jul-2017 09:57:17] En ligne : 45 From : C:\xampp\htdocs\projet2\model\db_post.php 1
[Mon,17-Jul-2017 09:57:27] En ligne : 45 From : C:\xampp\htdocs\projet2\model\db_post.php 1
[Mon,17-Jul-2017 09:57:37] En ligne : 45 From : C:\xampp\htdocs\projet2\model\db_post.php 1
[Mon,17-Jul-2017 09:57:47] En ligne : 45 From : C:\xampp\htdocs\projet2\model\db_post.php 1
[Mon,17-Jul-2017 09:57:57] En ligne : 45 From : C:\xampp\htdocs\projet2\model\db_post.php 1
[Mon,17-Jul-2017 09:58:07] En ligne : 45 From : C:\xampp\htdocs\projet2\model\db_post.php 1
[Mon,17-Jul-2017 09:58:17] En ligne : 45 From : C:\xampp\htdocs\projet2\model\db_post.php 1
[Mon,17-Jul-2017 09:58:25] En ligne : 44 From : C:\xampp\htdocs\projet2\model\db_post.php mysqli_stmt Object
(
    [affected_rows] => -1
    [insert_id] => 0
    [num_rows] => 0
    [param_count] => 4
    [field_count] => 36
    [errno] => 0
    [error] => 
    [error_list] => Array
        (
        )

    [sqlstate] => 00000
    [id] => 1
)

[Mon,17-Jul-2017 09:58:35] En ligne : 44 From : C:\xampp\htdocs\projet2\model\db_post.php mysqli_stmt Object
(
    [affected_rows] => -1
    [insert_id] => 0
    [num_rows] => 0
    [param_count] => 4
    [field_count] => 36
    [errno] => 0
    [error] => 
    [error_list] => Array
        (
        )

    [sqlstate] => 00000
    [id] => 1
)

[Mon,17-Jul-2017 09:58:43] En ligne : 43 From : C:\xampp\htdocs\projet2\model\db_post.php mysqli_stmt Object
(
    [affected_rows] => 0
    [insert_id] => 0
    [num_rows] => 0
    [param_count] => 4
    [field_count] => 36
    [errno] => 0
    [error] => 
    [error_list] => Array
        (
        )

    [sqlstate] => 00000
    [id] => 1
)

[Mon,17-Jul-2017 09:58:53] En ligne : 43 From : C:\xampp\htdocs\projet2\model\db_post.php mysqli_stmt Object
(
    [affected_rows] => 0
    [insert_id] => 0
    [num_rows] => 0
    [param_count] => 4
    [field_count] => 36
    [errno] => 0
    [error] => 
    [error_list] => Array
        (
        )

    [sqlstate] => 00000
    [id] => 1
)

[Mon,17-Jul-2017 09:59:03] En ligne : 43 From : C:\xampp\htdocs\projet2\model\db_post.php mysqli_stmt Object
(
    [affected_rows] => 0
    [insert_id] => 0
    [num_rows] => 0
    [param_count] => 4
    [field_count] => 36
    [errno] => 0
    [error] => 
    [error_list] => Array
        (
        )

    [sqlstate] => 00000
    [id] => 1
)

[Mon,17-Jul-2017 09:59:13] En ligne : 43 From : C:\xampp\htdocs\projet2\model\db_post.php mysqli_stmt Object
(
    [affected_rows] => 0
    [insert_id] => 0
    [num_rows] => 0
    [param_count] => 4
    [field_count] => 36
    [errno] => 0
    [error] => 
    [error_list] => Array
        (
        )

    [sqlstate] => 00000
    [id] => 1
)

[Mon,17-Jul-2017 09:59:23] En ligne : 43 From : C:\xampp\htdocs\projet2\model\db_post.php mysqli_stmt Object
(
    [affected_rows] => 0
    [insert_id] => 0
    [num_rows] => 0
    [param_count] => 4
    [field_count] => 36
    [errno] => 0
    [error] => 
    [error_list] => Array
        (
        )

    [sqlstate] => 00000
    [id] => 1
)

[Mon,17-Jul-2017 09:59:33] En ligne : 43 From : C:\xampp\htdocs\projet2\model\db_post.php mysqli_stmt Object
(
    [affected_rows] => 0
    [insert_id] => 0
    [num_rows] => 0
    [param_count] => 4
    [field_count] => 36
    [errno] => 0
    [error] => 
    [error_list] => Array
        (
        )

    [sqlstate] => 00000
    [id] => 1
)

[Mon,17-Jul-2017 09:59:43] En ligne : 43 From : C:\xampp\htdocs\projet2\model\db_post.php mysqli_stmt Object
(
    [affected_rows] => 0
    [insert_id] => 0
    [num_rows] => 0
    [param_count] => 4
    [field_count] => 36
    [errno] => 0
    [error] => 
    [error_list] => Array
        (
        )

    [sqlstate] => 00000
    [id] => 1
)

[Mon,17-Jul-2017 09:59:53] En ligne : 43 From : C:\xampp\htdocs\projet2\model\db_post.php mysqli_stmt Object
(
    [affected_rows] => 0
    [insert_id] => 0
    [num_rows] => 0
    [param_count] => 4
    [field_count] => 36
    [errno] => 0
    [error] => 
    [error_list] => Array
        (
        )

    [sqlstate] => 00000
    [id] => 1
)

[Mon,17-Jul-2017 10:00:03] En ligne : 43 From : C:\xampp\htdocs\projet2\model\db_post.php mysqli_stmt Object
(
    [affected_rows] => 0
    [insert_id] => 0
    [num_rows] => 0
    [param_count] => 4
    [field_count] => 36
    [errno] => 0
    [error] => 
    [error_list] => Array
        (
        )

    [sqlstate] => 00000
    [id] => 1
)

[Mon,17-Jul-2017 10:00:13] En ligne : 43 From : C:\xampp\htdocs\projet2\model\db_post.php mysqli_stmt Object
(
    [affected_rows] => 0
    [insert_id] => 0
    [num_rows] => 0
    [param_count] => 4
    [field_count] => 36
    [errno] => 0
    [error] => 
    [error_list] => Array
        (
        )

    [sqlstate] => 00000
    [id] => 1
)

[Mon,17-Jul-2017 10:00:23] En ligne : 43 From : C:\xampp\htdocs\projet2\model\db_post.php mysqli_stmt Object
(
    [affected_rows] => 0
    [insert_id] => 0
    [num_rows] => 0
    [param_count] => 4
    [field_count] => 36
    [errno] => 0
    [error] => 
    [error_list] => Array
        (
        )

    [sqlstate] => 00000
    [id] => 1
)

[Mon,17-Jul-2017 10:00:33] En ligne : 43 From : C:\xampp\htdocs\projet2\model\db_post.php mysqli_stmt Object
(
    [affected_rows] => 0
    [insert_id] => 0
    [num_rows] => 0
    [param_count] => 4
    [field_count] => 36
    [errno] => 0
    [error] => 
    [error_list] => Array
        (
        )

    [sqlstate] => 00000
    [id] => 1
)

[Mon,17-Jul-2017 10:00:43] En ligne : 43 From : C:\xampp\htdocs\projet2\model\db_post.php mysqli_stmt Object
(
    [affected_rows] => 0
    [insert_id] => 0
    [num_rows] => 0
    [param_count] => 4
    [field_count] => 36
    [errno] => 0
    [error] => 
    [error_list] => Array
        (
        )

    [sqlstate] => 00000
    [id] => 1
)

[Mon,17-Jul-2017 10:00:53] En ligne : 43 From : C:\xampp\htdocs\projet2\model\db_post.php mysqli_stmt Object
(
    [affected_rows] => 0
    [insert_id] => 0
    [num_rows] => 0
    [param_count] => 4
    [field_count] => 36
    [errno] => 0
    [error] => 
    [error_list] => Array
        (
        )

    [sqlstate] => 00000
    [id] => 1
)

[Mon,17-Jul-2017 10:44:59] En ligne : 29 From : C:\xampp\htdocs\projet2\model\db_post.php 1
[Mon,17-Jul-2017 10:48:22] En ligne : 30 From : C:\xampp\htdocs\projet2\model\db_post.php 1
[Mon,17-Jul-2017 10:49:21] En ligne : 30 From : C:\xampp\htdocs\projet2\model\db_post.php 1
[Mon,17-Jul-2017 10:50:53] En ligne : 30 From : C:\xampp\htdocs\projet2\model\db_post.php 1
[Mon,17-Jul-2017 10:55:49] En ligne : 30 From : C:\xampp\htdocs\projet2\model\db_post.php 1
[Mon,17-Jul-2017 10:56:15] En ligne : 30 From : C:\xampp\htdocs\projet2\model\db_post.php 1
[Mon,17-Jul-2017 10:56:45] En ligne : 30 From : C:\xampp\htdocs\projet2\model\db_post.php 1
[Mon,17-Jul-2017 10:58:49] En ligne : 30 From : C:\xampp\htdocs\projet2\model\db_post.php 1
[Mon,17-Jul-2017 11:02:18] En ligne : 30 From : C:\xampp\htdocs\projet2\model\db_post.php 1
[Mon,17-Jul-2017 11:03:35] En ligne : 30 From : C:\xampp\htdocs\projet2\model\db_post.php 1
[Mon,17-Jul-2017 11:04:34] En ligne : 30 From : C:\xampp\htdocs\projet2\model\db_post.php 1
[Mon,17-Jul-2017 11:07:20] En ligne : 30 From : C:\xampp\htdocs\projet2\model\db_post.php 1
[Mon,17-Jul-2017 11:08:04] En ligne : 30 From : C:\xampp\htdocs\projet2\model\db_post.php 1
[Mon,17-Jul-2017 11:10:57] En ligne : 30 From : C:\xampp\htdocs\projet2\model\db_post.php 1
[Mon,17-Jul-2017 11:14:37] En ligne : 30 From : C:\xampp\htdocs\projet2\model\db_post.php 1
[Mon,17-Jul-2017 11:15:43] En ligne : 30 From : C:\xampp\htdocs\projet2\model\db_post.php 1
[Mon,17-Jul-2017 11:17:19] En ligne : 31 From : C:\xampp\htdocs\projet2\model\db_post.php 1
[Mon,17-Jul-2017 11:17:27] En ligne : 31 From : C:\xampp\htdocs\projet2\model\db_post.php 1
[Mon,17-Jul-2017 11:18:39] En ligne : 29 From : C:\xampp\htdocs\projet2\model\db_post.php Probleme avec 
[Mon,17-Jul-2017 11:21:27] En ligne : 29 From : C:\xampp\htdocs\projet2\model\db_post.php Probleme avec 
[Mon,17-Jul-2017 11:21:51] En ligne : 31 From : C:\xampp\htdocs\projet2\model\db_post.php 1
[Mon,17-Jul-2017 11:22:21] En ligne : 29 From : C:\xampp\htdocs\projet2\model\db_post.php Probleme avec 
[Mon,17-Jul-2017 11:22:37] En ligne : 33 From : C:\xampp\htdocs\projet2\model\db_post.php 1
[Mon,17-Jul-2017 11:24:08] En ligne : 33 From : C:\xampp\htdocs\projet2\model\db_post.php 1
[Mon,17-Jul-2017 11:25:22] En ligne : 33 From : C:\xampp\htdocs\projet2\model\db_post.php 1
[Mon,17-Jul-2017 11:25:54] En ligne : 33 From : C:\xampp\htdocs\projet2\model\db_post.php 1
[Mon,17-Jul-2017 11:27:10] En ligne : 33 From : C:\xampp\htdocs\projet2\model\db_post.php 1
[Mon,17-Jul-2017 11:29:34] En ligne : 33 From : C:\xampp\htdocs\projet2\model\db_post.php 1
[Mon,17-Jul-2017 11:29:50] En ligne : 33 From : C:\xampp\htdocs\projet2\model\db_post.php 1
[Mon,17-Jul-2017 11:29:53] En ligne : 33 From : C:\xampp\htdocs\projet2\model\db_post.php 1
[Mon,17-Jul-2017 11:41:36] En ligne : 33 From : C:\xampp\htdocs\projet2\model\db_post.php 1
[Mon,17-Jul-2017 11:42:01] En ligne : 33 From : C:\xampp\htdocs\projet2\model\db_post.php 1
[Mon,17-Jul-2017 11:43:03] En ligne : 33 From : C:\xampp\htdocs\projet2\model\db_post.php 1
[Mon,17-Jul-2017 11:45:15] En ligne : 33 From : C:\xampp\htdocs\projet2\model\db_post.php 1
[Mon,17-Jul-2017 11:46:32] En ligne : 33 From : C:\xampp\htdocs\projet2\model\db_post.php 1
[Mon,17-Jul-2017 11:47:34] En ligne : 33 From : C:\xampp\htdocs\projet2\model\db_post.php 1
[Mon,17-Jul-2017 11:48:50] En ligne : 33 From : C:\xampp\htdocs\projet2\model\db_post.php 1
[Mon,17-Jul-2017 11:49:28] En ligne : 33 From : C:\xampp\htdocs\projet2\model\db_post.php 1
[Mon,17-Jul-2017 11:50:31] En ligne : 33 From : C:\xampp\htdocs\projet2\model\db_post.php 1
[Mon,17-Jul-2017 11:52:31] En ligne : 33 From : C:\xampp\htdocs\projet2\model\db_post.php 1
[Mon,17-Jul-2017 11:54:21] En ligne : 33 From : C:\xampp\htdocs\projet2\model\db_post.php 1
[Mon,17-Jul-2017 11:56:10] En ligne : 33 From : C:\xampp\htdocs\projet2\model\db_post.php 1
[Mon,17-Jul-2017 11:57:21] En ligne : 33 From : C:\xampp\htdocs\projet2\model\db_post.php 1
[Mon,17-Jul-2017 12:02:19] En ligne : 33 From : C:\xampp\htdocs\projet2\model\db_post.php 1
[Mon,17-Jul-2017 12:02:30] En ligne : 33 From : C:\xampp\htdocs\projet2\model\db_post.php 1
[Mon,17-Jul-2017 12:03:00] En ligne : 33 From : C:\xampp\htdocs\projet2\model\db_post.php 1
[Mon,17-Jul-2017 12:03:10] En ligne : 33 From : C:\xampp\htdocs\projet2\model\db_post.php 1
[Mon,17-Jul-2017 12:04:39] En ligne : 33 From : C:\xampp\htdocs\projet2\model\db_post.php 1
[Mon,17-Jul-2017 12:05:07] En ligne : 33 From : C:\xampp\htdocs\projet2\model\db_post.php 1
[Mon,17-Jul-2017 12:05:18] En ligne : 33 From : C:\xampp\htdocs\projet2\model\db_post.php 1
[Mon,17-Jul-2017 12:07:39] En ligne : 33 From : C:\xampp\htdocs\projet2\model\db_post.php 1
[Mon,17-Jul-2017 12:09:03] En ligne : 33 From : C:\xampp\htdocs\projet2\model\db_post.php 1
[Mon,17-Jul-2017 12:09:43] En ligne : 33 From : C:\xampp\htdocs\projet2\model\db_post.php 1
[Mon,17-Jul-2017 12:10:05] En ligne : 33 From : C:\xampp\htdocs\projet2\model\db_post.php 1
[Mon,17-Jul-2017 12:10:09] En ligne : 33 From : C:\xampp\htdocs\projet2\model\db_post.php 1
[Mon,17-Jul-2017 12:10:32] En ligne : 33 From : C:\xampp\htdocs\projet2\model\db_post.php 1
[Mon,17-Jul-2017 12:11:20] En ligne : 33 From : C:\xampp\htdocs\projet2\model\db_post.php 1
[Mon,17-Jul-2017 12:11:30] En ligne : 33 From : C:\xampp\htdocs\projet2\model\db_post.php 1
[Mon,17-Jul-2017 12:12:14] En ligne : 33 From : C:\xampp\htdocs\projet2\model\db_post.php 1
[Mon,17-Jul-2017 12:12:25] En ligne : 33 From : C:\xampp\htdocs\projet2\model\db_post.php 1
[Mon,17-Jul-2017 12:29:41] En ligne : 33 From : C:\xampp\htdocs\projet2\model\db_post.php 1
