[Thu,20-Jul-2017 11:42:34] En ligne : 33 From : C:\xampp\htdocs\projet2\model\db_post.php 1
[Thu,20-Jul-2017 11:42:54] En ligne : 33 From : C:\xampp\htdocs\projet2\model\db_post.php 1
[Thu,20-Jul-2017 11:42:56] En ligne : 33 From : C:\xampp\htdocs\projet2\model\db_post.php 1
[Thu,20-Jul-2017 11:43:06] En ligne : 33 From : C:\xampp\htdocs\projet2\model\db_post.php 1
[Thu,20-Jul-2017 11:44:47] En ligne : 33 From : C:\xampp\htdocs\projet2\model\db_post.php 1
[Thu,20-Jul-2017 11:49:09] En ligne : 61 From : C:\xampp\htdocs\projet2\model\db_media.php Erreur sur la requête ::
[Thu,20-Jul-2017 11:49:10] En ligne : 8 From : C:\xampp\htdocs\projet2\index.php Erreur:Photo obligatoire
[Thu,20-Jul-2017 11:50:59] En ligne : 61 From : C:\xampp\htdocs\projet2\model\db_media.php Erreur sur la requête ::
[Thu,20-Jul-2017 11:51:59] En ligne : 61 From : C:\xampp\htdocs\projet2\model\db_media.php Erreur sur la requête ::
[Thu,20-Jul-2017 11:52:18] En ligne : 61 From : C:\xampp\htdocs\projet2\model\db_media.php Erreur sur la requête ::
[Thu,20-Jul-2017 11:52:36] En ligne : 61 From : C:\xampp\htdocs\projet2\model\db_media.php Erreur sur la requête ::
[Thu,20-Jul-2017 11:52:36] En ligne : 8 From : C:\xampp\htdocs\projet2\index.php Erreur:Erreur pendant la création de l'équipe
[Thu,20-Jul-2017 11:53:05] En ligne : 61 From : C:\xampp\htdocs\projet2\model\db_media.php Erreur sur la requête ::
[Thu,20-Jul-2017 11:53:05] En ligne : 8 From : C:\xampp\htdocs\projet2\index.php Erreur:Erreur pendant la création de l'équipe
[Thu,20-Jul-2017 13:42:41] En ligne : 61 From : C:\xampp\htdocs\projet2\model\db_media.php Erreur sur la requête ::
[Thu,20-Jul-2017 13:42:41] En ligne : 8 From : C:\xampp\htdocs\projet2\index.php Erreur:Erreur pendant la création de l'équipe
[Thu,20-Jul-2017 13:43:58] En ligne : 8 From : C:\xampp\htdocs\projet2\index.php Erreur:Erreur pendant la création de l'équipe
[Thu,20-Jul-2017 13:52:16] En ligne : 33 From : C:\xampp\htdocs\projet2\model\db_post.php 1
[Thu,20-Jul-2017 13:52:26] En ligne : 33 From : C:\xampp\htdocs\projet2\model\db_post.php 1
[Thu,20-Jul-2017 13:54:54] En ligne : 33 From : C:\xampp\htdocs\projet2\model\db_post.php 1
[Thu,20-Jul-2017 13:55:04] En ligne : 33 From : C:\xampp\htdocs\projet2\model\db_post.php 1
[Thu,20-Jul-2017 13:55:06] En ligne : 33 From : C:\xampp\htdocs\projet2\model\db_post.php 1
[Thu,20-Jul-2017 13:55:17] En ligne : 33 From : C:\xampp\htdocs\projet2\model\db_post.php 1
[Thu,20-Jul-2017 13:55:36] En ligne : 33 From : C:\xampp\htdocs\projet2\model\db_post.php 1
[Thu,20-Jul-2017 13:55:46] En ligne : 33 From : C:\xampp\htdocs\projet2\model\db_post.php 1
[Thu,20-Jul-2017 14:10:59] En ligne : 33 From : C:\xampp\htdocs\projet2\model\db_post.php 1
[Thu,20-Jul-2017 14:11:09] En ligne : 33 From : C:\xampp\htdocs\projet2\model\db_post.php 1
[Thu,20-Jul-2017 14:32:16] En ligne : 33 From : C:\xampp\htdocs\projet2\model\db_post.php 1
[Thu,20-Jul-2017 14:32:28] En ligne : 33 From : C:\xampp\htdocs\projet2\model\db_post.php 1
[Thu,20-Jul-2017 14:32:39] En ligne : 33 From : C:\xampp\htdocs\projet2\model\db_post.php 1
[Thu,20-Jul-2017 14:32:40] En ligne : 33 From : C:\xampp\htdocs\projet2\model\db_post.php 1
[Thu,20-Jul-2017 14:32:50] En ligne : 33 From : C:\xampp\htdocs\projet2\model\db_post.php 1
[Thu,20-Jul-2017 14:33:11] En ligne : 33 From : C:\xampp\htdocs\projet2\model\db_post.php 1
[Thu,20-Jul-2017 14:33:22] En ligne : 33 From : C:\xampp\htdocs\projet2\model\db_post.php 1
[Thu,20-Jul-2017 14:34:03] En ligne : 33 From : C:\xampp\htdocs\projet2\model\db_post.php 1
[Thu,20-Jul-2017 14:34:13] En ligne : 33 From : C:\xampp\htdocs\projet2\model\db_post.php 1
[Thu,20-Jul-2017 14:35:24] En ligne : 33 From : C:\xampp\htdocs\projet2\model\db_post.php 1
[Thu,20-Jul-2017 14:35:34] En ligne : 33 From : C:\xampp\htdocs\projet2\model\db_post.php 1
[Thu,20-Jul-2017 14:35:45] En ligne : 33 From : C:\xampp\htdocs\projet2\model\db_post.php 1
[Thu,20-Jul-2017 14:35:50] En ligne : 33 From : C:\xampp\htdocs\projet2\model\db_post.php 1
[Thu,20-Jul-2017 14:36:00] En ligne : 33 From : C:\xampp\htdocs\projet2\model\db_post.php 1
[Thu,20-Jul-2017 14:36:10] En ligne : 33 From : C:\xampp\htdocs\projet2\model\db_post.php 1
[Thu,20-Jul-2017 14:39:48] En ligne : 33 From : C:\xampp\htdocs\projet2\model\db_post.php 1
[Thu,20-Jul-2017 14:39:59] En ligne : 33 From : C:\xampp\htdocs\projet2\model\db_post.php 1
[Thu,20-Jul-2017 14:40:17] En ligne : 33 From : C:\xampp\htdocs\projet2\model\db_post.php 1
[Thu,20-Jul-2017 14:40:27] En ligne : 33 From : C:\xampp\htdocs\projet2\model\db_post.php 1
[Thu,20-Jul-2017 14:40:37] En ligne : 33 From : C:\xampp\htdocs\projet2\model\db_post.php 1
[Thu,20-Jul-2017 14:40:38] En ligne : 33 From : C:\xampp\htdocs\projet2\model\db_post.php 1
[Thu,20-Jul-2017 14:40:48] En ligne : 33 From : C:\xampp\htdocs\projet2\model\db_post.php 1
[Thu,20-Jul-2017 14:50:44] En ligne : 33 From : C:\xampp\htdocs\projet2\model\db_post.php 1
[Thu,20-Jul-2017 14:51:27] En ligne : 33 From : C:\xampp\htdocs\projet2\model\db_post.php 1
[Thu,20-Jul-2017 14:51:38] En ligne : 33 From : C:\xampp\htdocs\projet2\model\db_post.php 1
[Thu,20-Jul-2017 14:54:58] En ligne : 33 From : C:\xampp\htdocs\projet2\model\db_post.php 1
[Thu,20-Jul-2017 14:54:59] En ligne : 33 From : C:\xampp\htdocs\projet2\model\db_post.php 1
[Thu,20-Jul-2017 14:55:09] En ligne : 33 From : C:\xampp\htdocs\projet2\model\db_post.php 1
[Thu,20-Jul-2017 14:56:23] En ligne : 33 From : C:\xampp\htdocs\projet2\model\db_post.php 1
[Thu,20-Jul-2017 14:56:27] En ligne : 33 From : C:\xampp\htdocs\projet2\model\db_post.php 1
[Thu,20-Jul-2017 14:56:32] En ligne : 33 From : C:\xampp\htdocs\projet2\model\db_post.php 1
[Thu,20-Jul-2017 14:56:36] En ligne : 8 From : C:\xampp\htdocs\projet2\index.php Erreur:Erreur commenaire non modifié
[Thu,20-Jul-2017 14:56:36] En ligne : 33 From : C:\xampp\htdocs\projet2\model\db_post.php 1
[Thu,20-Jul-2017 14:56:46] En ligne : 33 From : C:\xampp\htdocs\projet2\model\db_post.php 1
[Thu,20-Jul-2017 14:59:19] En ligne : 33 From : C:\xampp\htdocs\projet2\model\db_post.php 1
[Thu,20-Jul-2017 14:59:26] En ligne : 8 From : C:\xampp\htdocs\projet2\index.php Erreur:Erreur commenaire non modifié
[Thu,20-Jul-2017 14:59:26] En ligne : 33 From : C:\xampp\htdocs\projet2\model\db_post.php 1
[Thu,20-Jul-2017 14:59:36] En ligne : 33 From : C:\xampp\htdocs\projet2\model\db_post.php 1
[Thu,20-Jul-2017 14:59:43] En ligne : 33 From : C:\xampp\htdocs\projet2\model\db_post.php 1
[Thu,20-Jul-2017 14:59:53] En ligne : 33 From : C:\xampp\htdocs\projet2\model\db_post.php 1
[Thu,20-Jul-2017 15:00:30] En ligne : 33 From : C:\xampp\htdocs\projet2\model\db_post.php 1
[Thu,20-Jul-2017 15:00:40] En ligne : 33 From : C:\xampp\htdocs\projet2\model\db_post.php 1
[Thu,20-Jul-2017 15:25:03] En ligne : 33 From : C:\xampp\htdocs\projet2\model\db_post.php 1
[Thu,20-Jul-2017 15:25:25] En ligne : 33 From : C:\xampp\htdocs\projet2\model\db_post.php 1
[Thu,20-Jul-2017 15:25:54] En ligne : 33 From : C:\xampp\htdocs\projet2\model\db_post.php 1
[Thu,20-Jul-2017 15:26:23] En ligne : 33 From : C:\xampp\htdocs\projet2\model\db_post.php 1
[Thu,20-Jul-2017 15:26:34] En ligne : 33 From : C:\xampp\htdocs\projet2\model\db_post.php 1
[Thu,20-Jul-2017 15:27:34] En ligne : 33 From : C:\xampp\htdocs\projet2\model\db_post.php 1
[Thu,20-Jul-2017 15:27:44] En ligne : 33 From : C:\xampp\htdocs\projet2\model\db_post.php 1
[Thu,20-Jul-2017 15:29:37] En ligne : 33 From : C:\xampp\htdocs\projet2\model\db_post.php 1
[Thu,20-Jul-2017 15:30:19] En ligne : 33 From : C:\xampp\htdocs\projet2\model\db_post.php 1
[Thu,20-Jul-2017 15:30:29] En ligne : 33 From : C:\xampp\htdocs\projet2\model\db_post.php 1
[Thu,20-Jul-2017 15:34:03] En ligne : 33 From : C:\xampp\htdocs\projet2\model\db_post.php 1
[Thu,20-Jul-2017 15:34:13] En ligne : 33 From : C:\xampp\htdocs\projet2\model\db_post.php 1
[Thu,20-Jul-2017 15:38:21] En ligne : 33 From : C:\xampp\htdocs\projet2\model\db_post.php 1
[Thu,20-Jul-2017 15:38:31] En ligne : 33 From : C:\xampp\htdocs\projet2\model\db_post.php 1
[Thu,20-Jul-2017 15:39:29] En ligne : 33 From : C:\xampp\htdocs\projet2\model\db_post.php 1
[Thu,20-Jul-2017 15:39:40] En ligne : 33 From : C:\xampp\htdocs\projet2\model\db_post.php 1
[Thu,20-Jul-2017 15:39:46] En ligne : 33 From : C:\xampp\htdocs\projet2\model\db_post.php 1
[Thu,20-Jul-2017 15:39:56] En ligne : 33 From : C:\xampp\htdocs\projet2\model\db_post.php 1
[Thu,20-Jul-2017 15:44:24] En ligne : 33 From : C:\xampp\htdocs\projet2\model\db_post.php 1
[Thu,20-Jul-2017 15:45:06] En ligne : 33 From : C:\xampp\htdocs\projet2\model\db_post.php 1
[Thu,20-Jul-2017 15:49:23] En ligne : 33 From : C:\xampp\htdocs\projet2\model\db_post.php 1
[Thu,20-Jul-2017 16:15:09] En ligne : 33 From : C:\xampp\htdocs\projet2\model\db_post.php 1
[Thu,20-Jul-2017 16:19:53] En ligne : 33 From : C:\xampp\htdocs\projet2\model\db_post.php 1
[Thu,20-Jul-2017 16:20:31] En ligne : 33 From : C:\xampp\htdocs\projet2\model\db_post.php 1
[Thu,20-Jul-2017 16:20:36] En ligne : 33 From : C:\xampp\htdocs\projet2\model\db_post.php 1
[Thu,20-Jul-2017 16:20:45] En ligne : 33 From : C:\xampp\htdocs\projet2\model\db_post.php 1
[Thu,20-Jul-2017 16:20:55] En ligne : 33 From : C:\xampp\htdocs\projet2\model\db_post.php 1
[Thu,20-Jul-2017 16:20:56] En ligne : 33 From : C:\xampp\htdocs\projet2\model\db_post.php 1
[Thu,20-Jul-2017 16:20:58] En ligne : 33 From : C:\xampp\htdocs\projet2\model\db_post.php 1
[Thu,20-Jul-2017 16:21:13] En ligne : 33 From : C:\xampp\htdocs\projet2\model\db_post.php 1
[Thu,20-Jul-2017 16:21:43] En ligne : 33 From : C:\xampp\htdocs\projet2\model\db_post.php 1
[Thu,20-Jul-2017 16:21:53] En ligne : 33 From : C:\xampp\htdocs\projet2\model\db_post.php 1
[Thu,20-Jul-2017 16:22:03] En ligne : 33 From : C:\xampp\htdocs\projet2\model\db_post.php 1
[Thu,20-Jul-2017 16:22:13] En ligne : 33 From : C:\xampp\htdocs\projet2\model\db_post.php 1
[Thu,20-Jul-2017 16:23:14] En ligne : 33 From : C:\xampp\htdocs\projet2\model\db_post.php 1
[Thu,20-Jul-2017 16:23:54] En ligne : 33 From : C:\xampp\htdocs\projet2\model\db_post.php 1
[Thu,20-Jul-2017 16:24:08] En ligne : 33 From : C:\xampp\htdocs\projet2\model\db_post.php 1
[Thu,20-Jul-2017 16:24:09] En ligne : 33 From : C:\xampp\htdocs\projet2\model\db_post.php 1
[Thu,20-Jul-2017 16:24:39] En ligne : 33 From : C:\xampp\htdocs\projet2\model\db_post.php 1
[Thu,20-Jul-2017 16:24:49] En ligne : 33 From : C:\xampp\htdocs\projet2\model\db_post.php 1
[Thu,20-Jul-2017 16:24:59] En ligne : 33 From : C:\xampp\htdocs\projet2\model\db_post.php 1
[Thu,20-Jul-2017 16:25:09] En ligne : 33 From : C:\xampp\htdocs\projet2\model\db_post.php 1
[Thu,20-Jul-2017 16:25:19] En ligne : 33 From : C:\xampp\htdocs\projet2\model\db_post.php 1
[Thu,20-Jul-2017 16:25:29] En ligne : 33 From : C:\xampp\htdocs\projet2\model\db_post.php 1
[Thu,20-Jul-2017 16:25:39] En ligne : 33 From : C:\xampp\htdocs\projet2\model\db_post.php 1
[Thu,20-Jul-2017 16:25:49] En ligne : 33 From : C:\xampp\htdocs\projet2\model\db_post.php 1
[Thu,20-Jul-2017 16:25:55] En ligne : 33 From : C:\xampp\htdocs\projet2\model\db_post.php 1
[Thu,20-Jul-2017 16:26:19] En ligne : 33 From : C:\xampp\htdocs\projet2\model\db_post.php 1
[Thu,20-Jul-2017 16:26:31] En ligne : 33 From : C:\xampp\htdocs\projet2\model\db_post.php 1
[Thu,20-Jul-2017 16:26:31] En ligne : 33 From : C:\xampp\htdocs\projet2\model\db_post.php 1
[Thu,20-Jul-2017 16:26:41] En ligne : 33 From : C:\xampp\htdocs\projet2\model\db_post.php 1
[Thu,20-Jul-2017 16:29:54] En ligne : 33 From : C:\xampp\htdocs\projet2\model\db_post.php 1
