[Wed,21-Jun-2017 09:03:08] En ligne : 23 From : C:\xampp\htdocs\projet2\model\db_utilisateur.php Erreur sur la requête ::
[Wed,21-Jun-2017 12:07:50] En ligne : 7 From : C:\xampp\htdocs\projet2\index.php Erreur:Login Obligatoire
[Wed,21-Jun-2017 13:09:20] En ligne : 8 From : C:\xampp\htdocs\projet2\index.php Erreur:Erreur pendant l'inscription, veuillez prendre contact !
[Wed,21-Jun-2017 13:30:32] En ligne : 8 From : C:\xampp\htdocs\projet2\index.php Erreur:Erreur pendant l'inscription, veuillez prendre contact !
[Wed,21-Jun-2017 13:34:57] En ligne : 8 From : C:\xampp\htdocs\projet2\index.php Erreur:Erreur pendant l'inscription, veuillez prendre contact !
[Wed,21-Jun-2017 13:35:37] En ligne : 8 From : C:\xampp\htdocs\projet2\index.php Erreur:Vous n'avez pas 18ans
[Wed,21-Jun-2017 13:35:56] En ligne : 8 From : C:\xampp\htdocs\projet2\index.php Erreur:Erreur pendant l'inscription, veuillez prendre contact !
[Wed,21-Jun-2017 13:39:56] En ligne : 8 From : C:\xampp\htdocs\projet2\index.php Erreur:Erreur pendant l'inscription, veuillez prendre contact !
[Wed,21-Jun-2017 13:47:59] En ligne : 8 From : C:\xampp\htdocs\projet2\index.php Erreur:Erreur pendant l'inscription, veuillez prendre contact !
[Wed,21-Jun-2017 13:52:04] En ligne : 8 From : C:\xampp\htdocs\projet2\index.php Erreur:Erreur pendant l'inscription, veuillez prendre contact !
[Wed,21-Jun-2017 13:56:34] En ligne : 8 From : C:\xampp\htdocs\projet2\index.php Erreur:Erreur pendant l'inscription, veuillez prendre contact !
[Wed,21-Jun-2017 14:05:52] En ligne : 8 From : C:\xampp\htdocs\projet2\index.php Erreur:Erreur pendant l'inscription, veuillez prendre contact !
[Wed,21-Jun-2017 14:06:59] En ligne : 8 From : C:\xampp\htdocs\projet2\index.php Erreur:Erreur pendant l'inscription, veuillez prendre contact !
[Wed,21-Jun-2017 14:08:32] En ligne : 8 From : C:\xampp\htdocs\projet2\index.php Erreur:Erreur pendant l'inscription, veuillez prendre contact !
[Wed,21-Jun-2017 14:11:05] En ligne : 8 From : C:\xampp\htdocs\projet2\index.php Erreur:Erreur pendant l'inscription, veuillez prendre contact !
[Wed,21-Jun-2017 14:17:13] En ligne : 8 From : C:\xampp\htdocs\projet2\index.php Erreur:Erreur pendant l'inscription, veuillez prendre contact !
[Wed,21-Jun-2017 14:29:38] En ligne : 8 From : C:\xampp\htdocs\projet2\index.php Erreur:Compte existant
[Wed,21-Jun-2017 14:32:19] En ligne : 8 From : C:\xampp\htdocs\projet2\index.php Erreur:Login Obligatoire
[Wed,21-Jun-2017 14:33:18] En ligne : 8 From : C:\xampp\htdocs\projet2\index.php Erreur:Identification incorrect
[Wed,21-Jun-2017 14:33:38] En ligne : 8 From : C:\xampp\htdocs\projet2\index.php Erreur:Identification incorrect
[Wed,21-Jun-2017 14:35:42] En ligne : 8 From : C:\xampp\htdocs\projet2\index.php Erreur:Identification incorrect
[Wed,21-Jun-2017 14:36:18] En ligne : 8 From : C:\xampp\htdocs\projet2\index.php Erreur:Identification incorrect
[Wed,21-Jun-2017 14:36:37] En ligne : 8 From : C:\xampp\htdocs\projet2\index.php Erreur:Identification incorrect
[Wed,21-Jun-2017 14:37:01] En ligne : 8 From : C:\xampp\htdocs\projet2\index.php Erreur:Identification incorrect
[Wed,21-Jun-2017 14:58:52] En ligne : 8 From : C:\xampp\htdocs\projet2\index.php Erreur:Identification incorrect
[Wed,21-Jun-2017 15:02:17] En ligne : 137 From : C:\xampp\htdocs\projet2\model\db_utilisateur.php Probleme avec 
[Wed,21-Jun-2017 15:02:17] En ligne : 8 From : C:\xampp\htdocs\projet2\index.php Erreur:Identification incorrect
[Wed,21-Jun-2017 15:03:36] En ligne : 137 From : C:\xampp\htdocs\projet2\model\db_utilisateur.php Probleme avec 
[Wed,21-Jun-2017 15:03:36] En ligne : 8 From : C:\xampp\htdocs\projet2\index.php Erreur:Identification incorrect
[Wed,21-Jun-2017 15:04:36] En ligne : 137 From : C:\xampp\htdocs\projet2\model\db_utilisateur.php Probleme avec 
[Wed,21-Jun-2017 15:04:36] En ligne : 8 From : C:\xampp\htdocs\projet2\index.php Erreur:Identification incorrect
[Wed,21-Jun-2017 16:10:07] En ligne : 9 From : C:\xampp\htdocs\projet2\index.php Erreur:Nom d'équipe Obligatoire
