[Fri,23-Jun-2017 08:53:43] En ligne : 8 From : C:\xampp\htdocs\projet2\index.php Erreur:Identification incorrect
[Fri,23-Jun-2017 08:53:49] En ligne : 8 From : C:\xampp\htdocs\projet2\index.php Erreur:Identification incorrect
[Fri,23-Jun-2017 08:59:19] En ligne : 8 From : C:\xampp\htdocs\projet2\index.php Erreur:Erreur pendant l'inscription, veuillez prendre contact !
[Fri,23-Jun-2017 09:06:13] En ligne : 8 From : C:\xampp\htdocs\projet2\index.php Erreur:Erreur pendant l'inscription, veuillez prendre contact !
[Fri,23-Jun-2017 09:07:07] En ligne : 8 From : C:\xampp\htdocs\projet2\index.php Erreur:Erreur pendant l'inscription, veuillez prendre contact !
[Fri,23-Jun-2017 11:57:20] En ligne : 99 From : C:\xampp\htdocs\projet2\model\db_media.php Erreur sur la requête ::
[Fri,23-Jun-2017 11:57:20] En ligne : 8 From : C:\xampp\htdocs\projet2\index.php Erreur:Erreur pendant l'inscription, veuillez prendre contact !
[Fri,23-Jun-2017 11:59:35] En ligne : 99 From : C:\xampp\htdocs\projet2\model\db_media.php Erreur sur la requête ::
[Fri,23-Jun-2017 11:59:35] En ligne : 8 From : C:\xampp\htdocs\projet2\index.php Erreur:Erreur pendant l'inscription, veuillez prendre contact !
[Fri,23-Jun-2017 12:01:05] En ligne : 99 From : C:\xampp\htdocs\projet2\model\db_media.php Erreur sur la requête ::
[Fri,23-Jun-2017 12:01:05] En ligne : 8 From : C:\xampp\htdocs\projet2\index.php Erreur:Erreur pendant l'inscription, veuillez prendre contact !
[Fri,23-Jun-2017 12:02:25] En ligne : 99 From : C:\xampp\htdocs\projet2\model\db_media.php Erreur sur la requête ::
[Fri,23-Jun-2017 12:02:25] En ligne : 8 From : C:\xampp\htdocs\projet2\index.php Erreur:Erreur pendant l'inscription, veuillez prendre contact !
[Fri,23-Jun-2017 12:06:17] En ligne : 99 From : C:\xampp\htdocs\projet2\model\db_media.php Erreur sur la requête ::
[Fri,23-Jun-2017 12:06:17] En ligne : 8 From : C:\xampp\htdocs\projet2\index.php Erreur:Erreur pendant l'inscription, veuillez prendre contact !
[Fri,23-Jun-2017 12:07:13] En ligne : 99 From : C:\xampp\htdocs\projet2\model\db_media.php Erreur sur la requête ::
[Fri,23-Jun-2017 12:07:33] En ligne : 99 From : C:\xampp\htdocs\projet2\model\db_media.php Erreur sur la requête ::
[Fri,23-Jun-2017 12:09:02] En ligne : 8 From : C:\xampp\htdocs\projet2\index.php Erreur:Erreur pendant l'inscription, veuillez prendre contact !
[Fri,23-Jun-2017 12:20:54] En ligne : 8 From : C:\xampp\htdocs\projet2\index.php Erreur:Erreur pendant l'inscription, veuillez prendre contact !
[Fri,23-Jun-2017 13:12:17] En ligne : 8 From : C:\xampp\htdocs\projet2\index.php Erreur:Login Obligatoire
[Fri,23-Jun-2017 13:18:38] En ligne : 8 From : C:\xampp\htdocs\projet2\index.php Erreur:Erreur pendant l'inscription, veuillez prendre contact !
[Fri,23-Jun-2017 13:41:49] En ligne : 8 From : C:\xampp\htdocs\projet2\index.php Erreur:Erreur pendant l'inscription, veuillez prendre contact !
[Fri,23-Jun-2017 13:43:28] En ligne : 8 From : C:\xampp\htdocs\projet2\index.php Erreur:Erreur pendant l'inscription, veuillez prendre contact !
[Fri,23-Jun-2017 14:34:27] En ligne : 8 From : C:\xampp\htdocs\projet2\index.php Erreur:Erreur pendant l'inscription, veuillez prendre contact !
[Fri,23-Jun-2017 14:35:09] En ligne : 47 From : C:\xampp\htdocs\projet2\model\db_media.php Erreur sur la requête ::
[Fri,23-Jun-2017 14:35:09] En ligne : 34 From : C:\xampp\htdocs\projet2\model\db_equipe.php Erreur sur la requête ::
[Fri,23-Jun-2017 14:35:09] En ligne : 8 From : C:\xampp\htdocs\projet2\index.php Erreur:Erreur pendant la création de l'équipe
[Fri,23-Jun-2017 14:36:38] En ligne : 47 From : C:\xampp\htdocs\projet2\model\db_media.php Erreur sur la requête ::
[Fri,23-Jun-2017 14:36:38] En ligne : 34 From : C:\xampp\htdocs\projet2\model\db_equipe.php Erreur sur la requête ::
[Fri,23-Jun-2017 14:36:38] En ligne : 8 From : C:\xampp\htdocs\projet2\index.php Erreur:Erreur pendant la création de l'équipe
[Fri,23-Jun-2017 14:38:02] En ligne : 8 From : C:\xampp\htdocs\projet2\index.php Erreur:Erreur pendant la création de l'équipe
[Fri,23-Jun-2017 14:42:35] En ligne : 8 From : C:\xampp\htdocs\projet2\index.php Erreur:Erreur pendant la création de l'équipe
[Fri,23-Jun-2017 14:45:55] En ligne : 8 From : C:\xampp\htdocs\projet2\index.php Erreur:Erreur pendant l'inscription, veuillez prendre contact !
[Fri,23-Jun-2017 14:46:22] En ligne : 8 From : C:\xampp\htdocs\projet2\index.php Erreur:Erreur pendant la création de l'équipe
[Fri,23-Jun-2017 14:53:00] En ligne : 8 From : C:\xampp\htdocs\projet2\index.php Erreur:Erreur pendant la création de l'équipe
[Fri,23-Jun-2017 14:57:31] En ligne : 8 From : C:\xampp\htdocs\projet2\index.php Erreur:Erreur pendant la création de l'équipe
[Fri,23-Jun-2017 15:12:07] En ligne : 141 From : C:\xampp\htdocs\projet2\model\db_utilisateur.php Probleme avec 
[Fri,23-Jun-2017 15:12:07] En ligne : 8 From : C:\xampp\htdocs\projet2\index.php Erreur:Identification incorrect
[Fri,23-Jun-2017 15:12:11] En ligne : 141 From : C:\xampp\htdocs\projet2\model\db_utilisateur.php Probleme avec 
[Fri,23-Jun-2017 15:12:11] En ligne : 8 From : C:\xampp\htdocs\projet2\index.php Erreur:Identification incorrect
[Fri,23-Jun-2017 15:14:49] En ligne : 141 From : C:\xampp\htdocs\projet2\model\db_utilisateur.php Probleme avec 
[Fri,23-Jun-2017 15:14:49] En ligne : 8 From : C:\xampp\htdocs\projet2\index.php Erreur:Identification incorrect
[Fri,23-Jun-2017 15:16:37] En ligne : 8 From : C:\xampp\htdocs\projet2\index.php Erreur:Erreur pendant la création de l'équipe
[Fri,23-Jun-2017 15:19:05] En ligne : 8 From : C:\xampp\htdocs\projet2\index.php Erreur:Erreur pendant la création de l'équipe
[Fri,23-Jun-2017 15:56:50] En ligne : 8 From : C:\xampp\htdocs\projet2\index.php Erreur:Equipe existant
[Fri,23-Jun-2017 16:00:13] En ligne : 8 From : C:\xampp\htdocs\projet2\index.php Erreur:Equipe existant
[Fri,23-Jun-2017 16:01:09] En ligne : 152 From : C:\xampp\htdocs\projet2\model\db_utilisateur.php Erreur sur la requête ::
[Fri,23-Jun-2017 16:01:09] En ligne : 8 From : C:\xampp\htdocs\projet2\index.php Erreur:Erreur pendant la création de l'équipe
[Fri,23-Jun-2017 16:02:05] En ligne : 8 From : C:\xampp\htdocs\projet2\index.php Erreur:Erreur pendant la création de l'équipe
[Fri,23-Jun-2017 16:04:35] En ligne : 8 From : C:\xampp\htdocs\projet2\index.php Erreur:Erreur pendant la création de l'équipe
[Fri,23-Jun-2017 16:06:25] En ligne : 8 From : C:\xampp\htdocs\projet2\index.php Erreur:Equipe existant
[Fri,23-Jun-2017 16:12:32] En ligne : 8 From : C:\xampp\htdocs\projet2\index.php Erreur:Erreur pendant la création de l'équipe
