[Tue,25-Jul-2017 09:04:47] En ligne : 48 From : C:\xampp\htdocs\projet2\model\db_amis.php Probleme avec 
[Tue,25-Jul-2017 09:05:23] En ligne : 48 From : C:\xampp\htdocs\projet2\model\db_amis.php Probleme avec 
[Tue,25-Jul-2017 09:05:25] En ligne : 48 From : C:\xampp\htdocs\projet2\model\db_amis.php Probleme avec 
[Tue,25-Jul-2017 09:05:39] En ligne : 48 From : C:\xampp\htdocs\projet2\model\db_amis.php Probleme avec 
[Tue,25-Jul-2017 09:05:48] En ligne : 48 From : C:\xampp\htdocs\projet2\model\db_amis.php Probleme avec 
[Tue,25-Jul-2017 09:05:56] En ligne : 48 From : C:\xampp\htdocs\projet2\model\db_amis.php Probleme avec 
[Tue,25-Jul-2017 09:06:13] En ligne : 48 From : C:\xampp\htdocs\projet2\model\db_amis.php Probleme avec 
[Tue,25-Jul-2017 09:23:47] En ligne : 33 From : C:\xampp\htdocs\projet2\model\db_post.php 1
[Tue,25-Jul-2017 09:25:51] En ligne : 33 From : C:\xampp\htdocs\projet2\model\db_post.php 1
[Tue,25-Jul-2017 09:27:45] En ligne : 33 From : C:\xampp\htdocs\projet2\model\db_post.php 1
[Tue,25-Jul-2017 09:37:58] En ligne : 33 From : C:\xampp\htdocs\projet2\model\db_post.php 1
[Tue,25-Jul-2017 09:39:16] En ligne : 33 From : C:\xampp\htdocs\projet2\model\db_post.php 1
[Tue,25-Jul-2017 09:39:49] En ligne : 8 From : C:\xampp\htdocs\projet2\index.php Erreur:Erreur pendant la création de l'équipe
[Tue,25-Jul-2017 09:39:57] En ligne : 33 From : C:\xampp\htdocs\projet2\model\db_post.php 1
[Tue,25-Jul-2017 09:41:40] En ligne : 33 From : C:\xampp\htdocs\projet2\model\db_post.php 1
[Tue,25-Jul-2017 10:09:40] En ligne : 33 From : C:\xampp\htdocs\projet2\model\db_post.php 1
[Tue,25-Jul-2017 10:13:46] En ligne : 33 From : C:\xampp\htdocs\projet2\model\db_post.php 1
[Tue,25-Jul-2017 10:14:03] En ligne : 33 From : C:\xampp\htdocs\projet2\model\db_post.php 1
[Tue,25-Jul-2017 10:23:48] En ligne : 8 From : C:\xampp\htdocs\projet2\index.php Erreur:Jeu existant
[Tue,25-Jul-2017 10:32:32] En ligne : 33 From : C:\xampp\htdocs\projet2\model\db_post.php 1
[Tue,25-Jul-2017 10:33:24] En ligne : 33 From : C:\xampp\htdocs\projet2\model\db_post.php 1
[Tue,25-Jul-2017 10:34:50] En ligne : 33 From : C:\xampp\htdocs\projet2\model\db_post.php 1
[Tue,25-Jul-2017 10:35:01] En ligne : 33 From : C:\xampp\htdocs\projet2\model\db_post.php 1
[Tue,25-Jul-2017 10:35:07] En ligne : 33 From : C:\xampp\htdocs\projet2\model\db_post.php 1
[Tue,25-Jul-2017 10:37:04] En ligne : 33 From : C:\xampp\htdocs\projet2\model\db_post.php 1
[Tue,25-Jul-2017 10:37:10] En ligne : 33 From : C:\xampp\htdocs\projet2\model\db_post.php 1
[Tue,25-Jul-2017 10:37:19] En ligne : 33 From : C:\xampp\htdocs\projet2\model\db_post.php 1
[Tue,25-Jul-2017 10:37:21] En ligne : 33 From : C:\xampp\htdocs\projet2\model\db_post.php 1
[Tue,25-Jul-2017 10:43:53] En ligne : 33 From : C:\xampp\htdocs\projet2\model\db_post.php 1
[Tue,25-Jul-2017 10:46:29] En ligne : 33 From : C:\xampp\htdocs\projet2\model\db_post.php 1
[Tue,25-Jul-2017 10:46:38] En ligne : 33 From : C:\xampp\htdocs\projet2\model\db_post.php 1
[Tue,25-Jul-2017 10:54:08] En ligne : 8 From : C:\xampp\htdocs\projet2\index.php Erreur:Erreur commenaire non modifié
[Tue,25-Jul-2017 11:26:21] En ligne : 8 From : C:\xampp\htdocs\projet2\index.php Erreur:Post non publié
[Tue,25-Jul-2017 11:45:08] En ligne : 37 From : C:\xampp\htdocs\projet2\model\db_media.php Probleme avec 
[Tue,25-Jul-2017 11:45:58] En ligne : 37 From : C:\xampp\htdocs\projet2\model\db_media.php Probleme avec 
[Tue,25-Jul-2017 11:46:21] En ligne : 37 From : C:\xampp\htdocs\projet2\model\db_media.php Probleme avec 
[Tue,25-Jul-2017 11:47:41] En ligne : 742 From : C:\xampp\htdocs\projet2\controllers\_form_control.php Upload du post 1774.jpgéchouée
[Tue,25-Jul-2017 11:48:14] En ligne : 743 From : C:\xampp\htdocs\projet2\controllers\_form_control.php Upload du post 1774.jpgéchouée
[Tue,25-Jul-2017 11:48:36] En ligne : 743 From : C:\xampp\htdocs\projet2\controllers\_form_control.php Upload du post 1774.jpgéchouée
[Tue,25-Jul-2017 11:48:36] En ligne : 8 From : C:\xampp\htdocs\projet2\index.php Erreur:Post non publié
[Tue,25-Jul-2017 11:53:47] En ligne : 743 From : C:\xampp\htdocs\projet2\controllers\_form_control.php Upload du post back.pngéchouée
[Tue,25-Jul-2017 11:58:15] En ligne : 187 From : C:\xampp\htdocs\projet2\model\db_post.php Erreur sur la requête ::
[Tue,25-Jul-2017 11:58:15] En ligne : 8 From : C:\xampp\htdocs\projet2\index.php Erreur:Post non publié
[Tue,25-Jul-2017 11:58:29] En ligne : 187 From : C:\xampp\htdocs\projet2\model\db_post.php Erreur sur la requête ::
[Tue,25-Jul-2017 11:58:29] En ligne : 8 From : C:\xampp\htdocs\projet2\index.php Erreur:Post non publié
[Tue,25-Jul-2017 12:15:20] En ligne : 187 From : C:\xampp\htdocs\projet2\model\db_post.php Erreur sur la requête ::
[Tue,25-Jul-2017 12:15:20] En ligne : 8 From : C:\xampp\htdocs\projet2\index.php Erreur:Post non publié
[Tue,25-Jul-2017 12:21:54] En ligne : 187 From : C:\xampp\htdocs\projet2\model\db_post.php Erreur sur la requête ::
[Tue,25-Jul-2017 12:21:54] En ligne : 8 From : C:\xampp\htdocs\projet2\index.php Erreur:Post non publié
[Tue,25-Jul-2017 12:25:29] En ligne : 8 From : C:\xampp\htdocs\projet2\index.php Erreur:Post non publié
[Tue,25-Jul-2017 12:26:03] En ligne : 8 From : C:\xampp\htdocs\projet2\index.php Erreur:Post non publié
[Tue,25-Jul-2017 12:26:17] En ligne : 8 From : C:\xampp\htdocs\projet2\index.php Erreur:Post non publié
[Tue,25-Jul-2017 12:27:10] En ligne : 8 From : C:\xampp\htdocs\projet2\index.php Erreur:Post non publié
[Tue,25-Jul-2017 12:28:13] En ligne : 8 From : C:\xampp\htdocs\projet2\index.php Erreur:Post non publié
[Tue,25-Jul-2017 12:28:46] En ligne : 8 From : C:\xampp\htdocs\projet2\index.php Erreur:Post non publié
[Tue,25-Jul-2017 12:32:56] En ligne : 8 From : C:\xampp\htdocs\projet2\index.php Erreur:Post non publié
[Tue,25-Jul-2017 12:33:45] En ligne : 8 From : C:\xampp\htdocs\projet2\index.php Erreur:Post non publié
[Tue,25-Jul-2017 12:39:13] En ligne : 8 From : C:\xampp\htdocs\projet2\index.php Erreur:Post non publié
[Tue,25-Jul-2017 12:40:31] En ligne : 8 From : C:\xampp\htdocs\projet2\index.php Erreur:Post non publié
[Tue,25-Jul-2017 12:41:05] En ligne : 8 From : C:\xampp\htdocs\projet2\index.php Erreur:Post non publié
[Tue,25-Jul-2017 12:53:58] En ligne : 8 From : C:\xampp\htdocs\projet2\index.php Erreur:Post non publié
[Tue,25-Jul-2017 12:56:48] En ligne : 8 From : C:\xampp\htdocs\projet2\index.php Erreur:Post non publié
[Tue,25-Jul-2017 12:58:01] En ligne : 8 From : C:\xampp\htdocs\projet2\index.php Erreur:Post non publié
[Tue,25-Jul-2017 12:58:37] En ligne : 8 From : C:\xampp\htdocs\projet2\index.php Erreur:Post non publié
[Tue,25-Jul-2017 13:41:47] En ligne : 31 From : C:\xampp\htdocs\projet2\model\db_post.php 1
[Tue,25-Jul-2017 13:42:15] En ligne : 31 From : C:\xampp\htdocs\projet2\model\db_post.php 1
[Tue,25-Jul-2017 13:43:21] En ligne : 31 From : C:\xampp\htdocs\projet2\model\db_post.php 1
[Tue,25-Jul-2017 13:44:20] En ligne : 31 From : C:\xampp\htdocs\projet2\model\db_post.php 1
[Tue,25-Jul-2017 13:48:36] En ligne : 31 From : C:\xampp\htdocs\projet2\model\db_post.php 1
[Tue,25-Jul-2017 13:48:49] En ligne : 31 From : C:\xampp\htdocs\projet2\model\db_post.php 1
[Tue,25-Jul-2017 14:12:22] En ligne : 31 From : C:\xampp\htdocs\projet2\model\db_post.php 1
[Tue,25-Jul-2017 14:25:36] En ligne : 8 From : C:\xampp\htdocs\projet2\index.php Erreur:Jeu existant
[Tue,25-Jul-2017 15:28:24] En ligne : 8 From : C:\xampp\htdocs\projet2\index.php Erreur:Jeu existant
[Tue,25-Jul-2017 15:43:30] En ligne : 15 From : C:\xampp\htdocs\projet2\model\db_equipe.php Probleme avec 
[Tue,25-Jul-2017 15:56:37] En ligne : 8 From : C:\xampp\htdocs\projet2\index.php Erreur:Invitation en cour
[Tue,25-Jul-2017 16:06:29] En ligne : 24 From : C:\xampp\htdocs\projet2\model\db_equipeutilisateur.php Probleme avec 
[Tue,25-Jul-2017 16:06:52] En ligne : 24 From : C:\xampp\htdocs\projet2\model\db_equipeutilisateur.php Probleme avec 
[Tue,25-Jul-2017 16:06:53] En ligne : 24 From : C:\xampp\htdocs\projet2\model\db_equipeutilisateur.php Probleme avec 
[Tue,25-Jul-2017 16:07:40] En ligne : 24 From : C:\xampp\htdocs\projet2\model\db_equipeutilisateur.php Probleme avec 
[Tue,25-Jul-2017 16:07:40] En ligne : 24 From : C:\xampp\htdocs\projet2\model\db_equipeutilisateur.php Probleme avec 
[Tue,25-Jul-2017 16:16:17] En ligne : 89 From : C:\xampp\htdocs\projet2\model\db_equipe.php Probleme avec 
