[Wed,26-Jul-2017 11:22:15] En ligne : 31 From : C:\xampp\htdocs\projet2\model\db_post.php 1
[Wed,26-Jul-2017 11:22:37] En ligne : 31 From : C:\xampp\htdocs\projet2\model\db_post.php 1
[Wed,26-Jul-2017 11:23:18] En ligne : 31 From : C:\xampp\htdocs\projet2\model\db_post.php 1
[Wed,26-Jul-2017 11:45:05] En ligne : 31 From : C:\xampp\htdocs\projet2\model\db_post.php 1
[Wed,26-Jul-2017 13:17:39] En ligne : 77 From : C:\xampp\htdocs\projet2\model\db_utilisateur.php Probleme avec 
[Wed,26-Jul-2017 13:17:58] En ligne : 77 From : C:\xampp\htdocs\projet2\model\db_utilisateur.php Probleme avec 
[Wed,26-Jul-2017 13:30:00] En ligne : 31 From : C:\xampp\htdocs\projet2\model\db_post.php 1
[Wed,26-Jul-2017 13:37:26] En ligne : 8 From : C:\xampp\htdocs\projet2\index.php Erreur:Demande d'amis en cour
[Wed,26-Jul-2017 13:55:06] En ligne : 8 From : C:\xampp\htdocs\projet2\index.php Erreur:Erreur
[Wed,26-Jul-2017 13:56:29] En ligne : 8 From : C:\xampp\htdocs\projet2\index.php Erreur:Erreur
[Wed,26-Jul-2017 14:00:29] En ligne : 8 From : C:\xampp\htdocs\projet2\index.php Erreur:Erreur
[Wed,26-Jul-2017 14:01:43] En ligne : 8 From : C:\xampp\htdocs\projet2\index.php Erreur:Erreur
[Wed,26-Jul-2017 14:02:13] En ligne : 8 From : C:\xampp\htdocs\projet2\index.php Erreur:Erreur
[Wed,26-Jul-2017 14:02:52] En ligne : 8 From : C:\xampp\htdocs\projet2\index.php Erreur:Erreur
[Wed,26-Jul-2017 14:04:15] En ligne : 8 From : C:\xampp\htdocs\projet2\index.php Erreur:Erreur
[Wed,26-Jul-2017 14:06:52] En ligne : 8 From : C:\xampp\htdocs\projet2\index.php Erreur:Erreur
[Wed,26-Jul-2017 14:14:16] En ligne : 8 From : C:\xampp\htdocs\projet2\index.php Erreur:l'utilisateur a déja une équipe
[Wed,26-Jul-2017 14:23:10] En ligne : 8 From : C:\xampp\htdocs\projet2\index.php Erreur:l'utilisateur a déja une équipe
[Wed,26-Jul-2017 14:29:55] En ligne : 8 From : C:\xampp\htdocs\projet2\index.php Erreur:Erreur
[Wed,26-Jul-2017 14:34:00] En ligne : 8 From : C:\xampp\htdocs\projet2\index.php Erreur:Erreur
[Wed,26-Jul-2017 14:36:26] En ligne : 8 From : C:\xampp\htdocs\projet2\index.php Erreur:Erreur
[Wed,26-Jul-2017 14:38:33] En ligne : 8 From : C:\xampp\htdocs\projet2\index.php Erreur:Erreur
[Wed,26-Jul-2017 14:42:43] En ligne : 8 From : C:\xampp\htdocs\projet2\index.php Erreur:Erreur
[Wed,26-Jul-2017 14:44:32] En ligne : 8 From : C:\xampp\htdocs\projet2\index.php Erreur:Erreur
[Wed,26-Jul-2017 14:45:25] En ligne : 8 From : C:\xampp\htdocs\projet2\index.php Erreur:Erreur
