[Thu,27-Jul-2017 09:21:10] En ligne : 8 From : C:\xampp\htdocs\projet2\index.php Erreur:Profil modifier
[Thu,27-Jul-2017 09:21:15] En ligne : 8 From : C:\xampp\htdocs\projet2\index.php Erreur:Profil modifier
[Thu,27-Jul-2017 09:24:36] En ligne : 884 From : C:\xampp\htdocs\projet2\controllers\_form_control.php Upload du profil échouée (mauvaise extension)
[Thu,27-Jul-2017 09:24:36] En ligne : 8 From : C:\xampp\htdocs\projet2\index.php Erreur:Profil modifier
[Thu,27-Jul-2017 09:25:31] En ligne : 884 From : C:\xampp\htdocs\projet2\controllers\_form_control.php Upload du profil échouée (mauvaise extension)
[Thu,27-Jul-2017 09:25:31] En ligne : 8 From : C:\xampp\htdocs\projet2\index.php Erreur:Profil modifier
[Thu,27-Jul-2017 09:28:26] En ligne : 877 From : C:\xampp\htdocs\projet2\controllers\_form_control.php Upload du fichier 636.jpgéchouée
[Thu,27-Jul-2017 09:28:26] En ligne : 8 From : C:\xampp\htdocs\projet2\index.php Erreur:Profil modifier
[Thu,27-Jul-2017 09:30:56] En ligne : 878 From : C:\xampp\htdocs\projet2\controllers\_form_control.php Upload du fichier 1774.jpgéchouée
[Thu,27-Jul-2017 09:30:56] En ligne : 8 From : C:\xampp\htdocs\projet2\index.php Erreur:Profil modifier
[Thu,27-Jul-2017 09:31:20] En ligne : 878 From : C:\xampp\htdocs\projet2\controllers\_form_control.php Upload du fichier 89084-OIKZZB-91.pngéchouée
[Thu,27-Jul-2017 09:31:20] En ligne : 8 From : C:\xampp\htdocs\projet2\index.php Erreur:Profil modifier
[Thu,27-Jul-2017 09:31:51] En ligne : 8 From : C:\xampp\htdocs\projet2\index.php Erreur:Profil modifier
[Thu,27-Jul-2017 09:33:44] En ligne : 8 From : C:\xampp\htdocs\projet2\index.php Erreur:Profil modifier
[Thu,27-Jul-2017 09:34:07] En ligne : 8 From : C:\xampp\htdocs\projet2\index.php Erreur:Profil modifier
[Thu,27-Jul-2017 09:34:18] En ligne : 8 From : C:\xampp\htdocs\projet2\index.php Erreur:Profil modifier
[Thu,27-Jul-2017 09:35:44] En ligne : 8 From : C:\xampp\htdocs\projet2\index.php Erreur:Profil modifier
[Thu,27-Jul-2017 09:38:06] En ligne : 8 From : C:\xampp\htdocs\projet2\index.php Erreur:Photo obligatoire
[Thu,27-Jul-2017 09:38:17] En ligne : 8 From : C:\xampp\htdocs\projet2\index.php Erreur:Profil modifier
[Thu,27-Jul-2017 09:41:46] En ligne : 8 From : C:\xampp\htdocs\projet2\index.php Erreur:Photo obligatoire
[Thu,27-Jul-2017 09:41:58] En ligne : 8 From : C:\xampp\htdocs\projet2\index.php Erreur:Photo obligatoire
[Thu,27-Jul-2017 09:42:10] En ligne : 8 From : C:\xampp\htdocs\projet2\index.php Erreur:Photo obligatoire
[Thu,27-Jul-2017 09:42:18] En ligne : 8 From : C:\xampp\htdocs\projet2\index.php Erreur:Profil modifier
[Thu,27-Jul-2017 09:42:41] En ligne : 8 From : C:\xampp\htdocs\projet2\index.php Erreur:Profil modifier
[Thu,27-Jul-2017 09:44:22] En ligne : 8 From : C:\xampp\htdocs\projet2\index.php Erreur:Photo obligatoire
[Thu,27-Jul-2017 09:44:26] En ligne : 8 From : C:\xampp\htdocs\projet2\index.php Erreur:Profil modifier
[Thu,27-Jul-2017 09:44:32] En ligne : 8 From : C:\xampp\htdocs\projet2\index.php Erreur:Profil modifier
[Thu,27-Jul-2017 09:45:50] En ligne : 8 From : C:\xampp\htdocs\projet2\index.php Erreur:Profil modifier
[Thu,27-Jul-2017 09:45:59] En ligne : 8 From : C:\xampp\htdocs\projet2\index.php Erreur:Profil modifier
[Thu,27-Jul-2017 09:46:02] En ligne : 8 From : C:\xampp\htdocs\projet2\index.php Erreur:Profil modifier
[Thu,27-Jul-2017 09:46:07] En ligne : 8 From : C:\xampp\htdocs\projet2\index.php Erreur:Profil modifier
[Thu,27-Jul-2017 09:46:19] En ligne : 8 From : C:\xampp\htdocs\projet2\index.php Erreur:Profil modifier
[Thu,27-Jul-2017 09:46:25] En ligne : 8 From : C:\xampp\htdocs\projet2\index.php Erreur:Profil modifier
[Thu,27-Jul-2017 09:46:45] En ligne : 8 From : C:\xampp\htdocs\projet2\index.php Erreur:Photo obligatoire
[Thu,27-Jul-2017 09:46:48] En ligne : 8 From : C:\xampp\htdocs\projet2\index.php Erreur:Photo obligatoire
[Thu,27-Jul-2017 09:46:50] En ligne : 8 From : C:\xampp\htdocs\projet2\index.php Erreur:Photo obligatoire
[Thu,27-Jul-2017 09:47:29] En ligne : 8 From : C:\xampp\htdocs\projet2\index.php Erreur:Photo obligatoire
[Thu,27-Jul-2017 09:47:32] En ligne : 8 From : C:\xampp\htdocs\projet2\index.php Erreur:Photo obligatoire
[Thu,27-Jul-2017 09:47:49] En ligne : 8 From : C:\xampp\htdocs\projet2\index.php Erreur:Photo obligatoire
[Thu,27-Jul-2017 09:47:59] En ligne : 8 From : C:\xampp\htdocs\projet2\index.php Erreur:Profil modifier
[Thu,27-Jul-2017 09:48:02] En ligne : 8 From : C:\xampp\htdocs\projet2\index.php Erreur:Profil modifier
[Thu,27-Jul-2017 09:48:06] En ligne : 8 From : C:\xampp\htdocs\projet2\index.php Erreur:Profil modifier
[Thu,27-Jul-2017 09:53:14] En ligne : 8 From : C:\xampp\htdocs\projet2\index.php Erreur:Profil modifier
[Thu,27-Jul-2017 09:53:16] En ligne : 8 From : C:\xampp\htdocs\projet2\index.php Erreur:Profil modifier
[Thu,27-Jul-2017 10:02:52] En ligne : 13 From : C:\xampp\htdocs\projet2\model\db_jeu.php Erreur sur la requête ::Unknown column 'undefined' in 'order clause'
[Thu,27-Jul-2017 10:04:42] En ligne : 13 From : C:\xampp\htdocs\projet2\model\db_jeu.php Erreur sur la requête ::Unknown column 'name' in 'order clause'
[Thu,27-Jul-2017 10:04:44] En ligne : 13 From : C:\xampp\htdocs\projet2\model\db_jeu.php Erreur sur la requête ::Unknown column 'name' in 'order clause'
[Thu,27-Jul-2017 10:05:21] En ligne : 13 From : C:\xampp\htdocs\projet2\model\db_jeu.php Erreur sur la requête ::Unknown column 'name' in 'order clause'
[Thu,27-Jul-2017 10:05:28] En ligne : 13 From : C:\xampp\htdocs\projet2\model\db_jeu.php Erreur sur la requête ::Unknown column 'name' in 'order clause'
[Thu,27-Jul-2017 10:05:58] En ligne : 13 From : C:\xampp\htdocs\projet2\model\db_jeu.php Probleme avec 
[Thu,27-Jul-2017 10:15:28] En ligne : 8 From : C:\xampp\htdocs\projet2\index.php Erreur:Invitation en cour
[Thu,27-Jul-2017 10:22:43] En ligne : 39 From : C:\xampp\htdocs\projet2\model\db_equipe.php Probleme avec 
[Thu,27-Jul-2017 10:23:00] En ligne : 39 From : C:\xampp\htdocs\projet2\model\db_equipe.php Probleme avec 
[Thu,27-Jul-2017 10:23:14] En ligne : 39 From : C:\xampp\htdocs\projet2\model\db_equipe.php Probleme avec 
[Thu,27-Jul-2017 10:23:16] En ligne : 39 From : C:\xampp\htdocs\projet2\model\db_equipe.php Probleme avec 
[Thu,27-Jul-2017 10:27:15] En ligne : 8 From : C:\xampp\htdocs\projet2\index.php Erreur:Profil modifier
[Thu,27-Jul-2017 10:32:44] En ligne : 8 From : C:\xampp\htdocs\projet2\index.php Erreur:Profil modifier
[Thu,27-Jul-2017 11:10:08] En ligne : 8 From : C:\xampp\htdocs\projet2\index.php Erreur:Profil modifier
[Thu,27-Jul-2017 11:11:19] En ligne : 8 From : C:\xampp\htdocs\projet2\index.php Erreur:Erreur
[Thu,27-Jul-2017 11:17:40] En ligne : 8 From : C:\xampp\htdocs\projet2\index.php Erreur:Vous avez déja une equipe
[Thu,27-Jul-2017 11:19:24] En ligne : 8 From : C:\xampp\htdocs\projet2\index.php Erreur:Erreur
[Thu,27-Jul-2017 11:19:34] En ligne : 8 From : C:\xampp\htdocs\projet2\index.php Erreur:Vous avez déja une equipe
[Thu,27-Jul-2017 11:21:10] En ligne : 8 From : C:\xampp\htdocs\projet2\index.php Erreur:Vous avez déja une equipe
[Thu,27-Jul-2017 11:21:37] En ligne : 8 From : C:\xampp\htdocs\projet2\index.php Erreur:Vous avez déja une equipe
[Thu,27-Jul-2017 11:22:12] En ligne : 8 From : C:\xampp\htdocs\projet2\index.php Erreur:Vous avez déja une equipe
[Thu,27-Jul-2017 11:24:02] En ligne : 8 From : C:\xampp\htdocs\projet2\index.php Erreur:Vous avez déja une equipe
[Thu,27-Jul-2017 11:26:15] En ligne : 8 From : C:\xampp\htdocs\projet2\index.php Erreur:Erreur
[Thu,27-Jul-2017 11:27:07] En ligne : 8 From : C:\xampp\htdocs\projet2\index.php Erreur:Equipe existant
[Thu,27-Jul-2017 11:33:26] En ligne : 8 From : C:\xampp\htdocs\projet2\index.php Erreur:Erreur
[Thu,27-Jul-2017 11:33:46] En ligne : 8 From : C:\xampp\htdocs\projet2\index.php Erreur:Equipe existant
[Thu,27-Jul-2017 11:34:36] En ligne : 8 From : C:\xampp\htdocs\projet2\index.php Erreur:Erreur
[Thu,27-Jul-2017 11:35:00] En ligne : 8 From : C:\xampp\htdocs\projet2\index.php Erreur:Equipe existant
[Thu,27-Jul-2017 11:35:26] En ligne : 8 From : C:\xampp\htdocs\projet2\index.php Erreur:Erreur
[Thu,27-Jul-2017 11:35:47] En ligne : 8 From : C:\xampp\htdocs\projet2\index.php Erreur:Equipe existant
[Thu,27-Jul-2017 11:36:16] En ligne : 8 From : C:\xampp\htdocs\projet2\index.php Erreur:Erreur
[Thu,27-Jul-2017 11:36:46] En ligne : 8 From : C:\xampp\htdocs\projet2\index.php Erreur:Equipe existant
[Thu,27-Jul-2017 11:37:52] En ligne : 8 From : C:\xampp\htdocs\projet2\index.php Erreur:Erreur
[Thu,27-Jul-2017 11:38:13] En ligne : 8 From : C:\xampp\htdocs\projet2\index.php Erreur:Equipe existant
[Thu,27-Jul-2017 11:38:39] En ligne : 8 From : C:\xampp\htdocs\projet2\index.php Erreur:Erreur
[Thu,27-Jul-2017 11:39:46] En ligne : 8 From : C:\xampp\htdocs\projet2\index.php Erreur:Equipe existant
[Thu,27-Jul-2017 11:40:10] En ligne : 8 From : C:\xampp\htdocs\projet2\index.php Erreur:Erreur
[Thu,27-Jul-2017 11:42:08] En ligne : 8 From : C:\xampp\htdocs\projet2\index.php Erreur:Erreur
[Thu,27-Jul-2017 11:43:01] En ligne : 8 From : C:\xampp\htdocs\projet2\index.php Erreur:Erreur
[Thu,27-Jul-2017 11:43:15] En ligne : 8 From : C:\xampp\htdocs\projet2\index.php Erreur:Erreur
[Thu,27-Jul-2017 11:54:14] En ligne : 8 From : C:\xampp\htdocs\projet2\index.php Erreur:Equipe existant
[Thu,27-Jul-2017 12:06:51] En ligne : 64 From : C:\xampp\htdocs\projet2\model\db_utilisateur.php Probleme avec 
[Thu,27-Jul-2017 12:07:09] En ligne : 64 From : C:\xampp\htdocs\projet2\model\db_utilisateur.php Probleme avec 
[Thu,27-Jul-2017 12:07:10] En ligne : 64 From : C:\xampp\htdocs\projet2\model\db_utilisateur.php Probleme avec 
[Thu,27-Jul-2017 12:54:33] En ligne : 25 From : C:\xampp\htdocs\projet2\model\db_jeuutil.php Probleme avec 
[Thu,27-Jul-2017 13:03:52] En ligne : 31 From : C:\xampp\htdocs\projet2\model\db_post.php 1
[Thu,27-Jul-2017 13:03:56] En ligne : 31 From : C:\xampp\htdocs\projet2\model\db_post.php 1
[Thu,27-Jul-2017 13:04:05] En ligne : 31 From : C:\xampp\htdocs\projet2\model\db_post.php 1
[Thu,27-Jul-2017 13:04:10] En ligne : 31 From : C:\xampp\htdocs\projet2\model\db_post.php 1
[Thu,27-Jul-2017 13:04:18] En ligne : 31 From : C:\xampp\htdocs\projet2\model\db_post.php 1
[Thu,27-Jul-2017 13:04:55] En ligne : 31 From : C:\xampp\htdocs\projet2\model\db_post.php 1
[Thu,27-Jul-2017 13:49:36] En ligne : 8 From : C:\xampp\htdocs\projet2\index.php Erreur:Demande d'amis en cour
[Thu,27-Jul-2017 13:51:07] En ligne : 8 From : C:\xampp\htdocs\projet2\index.php Erreur:Demande d'amis en cour
[Thu,27-Jul-2017 13:51:22] En ligne : 8 From : C:\xampp\htdocs\projet2\index.php Erreur:Demande d'amis en cour
[Thu,27-Jul-2017 13:52:15] En ligne : 8 From : C:\xampp\htdocs\projet2\index.php Erreur:Demande d'amis en cour
[Thu,27-Jul-2017 14:02:40] En ligne : 8 From : C:\xampp\htdocs\projet2\index.php Erreur:Demande d'amis en cour
[Thu,27-Jul-2017 15:02:18] En ligne : 8 From : C:\xampp\htdocs\projet2\index.php Erreur:Villes Inconnus
[Thu,27-Jul-2017 15:02:53] En ligne : 8 From : C:\xampp\htdocs\projet2\index.php Erreur:Villes Inconnus
[Thu,27-Jul-2017 15:02:54] En ligne : 8 From : C:\xampp\htdocs\projet2\index.php Erreur:Villes Inconnus
[Thu,27-Jul-2017 15:02:57] En ligne : 8 From : C:\xampp\htdocs\projet2\index.php Erreur:Villes Inconnus
[Thu,27-Jul-2017 15:03:01] En ligne : 8 From : C:\xampp\htdocs\projet2\index.php Erreur:Villes Inconnus
[Thu,27-Jul-2017 15:03:02] En ligne : 8 From : C:\xampp\htdocs\projet2\index.php Erreur:Villes Inconnus
[Thu,27-Jul-2017 15:03:05] En ligne : 8 From : C:\xampp\htdocs\projet2\index.php Erreur:Villes Inconnus
[Thu,27-Jul-2017 15:03:17] En ligne : 8 From : C:\xampp\htdocs\projet2\index.php Erreur:Villes Inconnus
[Thu,27-Jul-2017 15:03:24] En ligne : 8 From : C:\xampp\htdocs\projet2\index.php Erreur:Villes Inconnus
[Thu,27-Jul-2017 15:03:31] En ligne : 8 From : C:\xampp\htdocs\projet2\index.php Erreur:Villes Inconnus
[Thu,27-Jul-2017 15:03:35] En ligne : 8 From : C:\xampp\htdocs\projet2\index.php Erreur:Villes Inconnus
[Thu,27-Jul-2017 15:40:04] En ligne : 8 From : C:\xampp\htdocs\projet2\index.php Erreur:Erreur pendant l'inscription, veuillez prendre contact !
[Thu,27-Jul-2017 15:47:41] En ligne : 8 From : C:\xampp\htdocs\projet2\index.php Erreur:Demande d'amis en cour
[Thu,27-Jul-2017 15:47:42] En ligne : 8 From : C:\xampp\htdocs\projet2\index.php Erreur:Demande d'amis en cour
[Thu,27-Jul-2017 15:48:56] En ligne : 8 From : C:\xampp\htdocs\projet2\index.php Erreur:Demande d'amis en cour
[Thu,27-Jul-2017 15:49:30] En ligne : 8 From : C:\xampp\htdocs\projet2\index.php Erreur:Demande d'amis en cour
[Thu,27-Jul-2017 15:59:56] En ligne : 8 From : C:\xampp\htdocs\projet2\index.php Erreur:Commentaire non posté
[Thu,27-Jul-2017 16:01:08] En ligne : 8 From : C:\xampp\htdocs\projet2\index.php Erreur:Commentaire non posté
[Thu,27-Jul-2017 16:18:36] En ligne : 8 From : C:\xampp\htdocs\projet2\index.php Erreur:Commentaire non posté
