[Fri,28-Jul-2017 09:55:21] En ligne : 8 From : C:\xampp\htdocs\projet2\index.php Erreur:Commentaire non posté
[Fri,28-Jul-2017 09:55:27] En ligne : 8 From : C:\xampp\htdocs\projet2\index.php Erreur:Commentaire non posté
[Fri,28-Jul-2017 10:03:15] En ligne : 8 From : C:\xampp\htdocs\projet2\index.php Erreur:Commentaire non posté
[Fri,28-Jul-2017 10:03:41] En ligne : 8 From : C:\xampp\htdocs\projet2\index.php Erreur:Commentaire non posté
[Fri,28-Jul-2017 10:10:28] En ligne : 70 From : C:\xampp\htdocs\projet2\model\db_post.php Probleme avec 
[Fri,28-Jul-2017 10:16:22] En ligne : 23 From : C:\xampp\htdocs\projet2\model\db_commentaire.php Probleme avec 
[Fri,28-Jul-2017 11:21:24] En ligne : 8 From : C:\xampp\htdocs\projet2\index.php Erreur:Commentaire non posté
[Fri,28-Jul-2017 11:25:01] En ligne : 8 From : C:\xampp\htdocs\projet2\index.php Erreur:Commentaire non posté
[Fri,28-Jul-2017 11:26:22] En ligne : 8 From : C:\xampp\htdocs\projet2\index.php Erreur:Commentaire non posté
[Fri,28-Jul-2017 12:41:13] En ligne : 17 From : C:\xampp\htdocs\projet2\model\db_genre.php Erreur sur la requête ::You have an error in your SQL syntax; check the manual that corresponds to your MariaDB server version for the right syntax to use near '?' at line 1
[Fri,28-Jul-2017 12:41:19] En ligne : 17 From : C:\xampp\htdocs\projet2\model\db_genre.php Erreur sur la requête ::You have an error in your SQL syntax; check the manual that corresponds to your MariaDB server version for the right syntax to use near '?' at line 1
[Fri,28-Jul-2017 12:44:30] En ligne : 8 From : C:\xampp\htdocs\projet2\index.php Erreur:Jeu existant
[Fri,28-Jul-2017 12:44:31] En ligne : 17 From : C:\xampp\htdocs\projet2\model\db_genre.php Erreur sur la requête ::You have an error in your SQL syntax; check the manual that corresponds to your MariaDB server version for the right syntax to use near '?' at line 1
[Fri,28-Jul-2017 12:45:14] En ligne : 17 From : C:\xampp\htdocs\projet2\model\db_genre.php Erreur sur la requête ::You have an error in your SQL syntax; check the manual that corresponds to your MariaDB server version for the right syntax to use near '?' at line 1
[Fri,28-Jul-2017 12:45:21] En ligne : 17 From : C:\xampp\htdocs\projet2\model\db_genre.php Erreur sur la requête ::You have an error in your SQL syntax; check the manual that corresponds to your MariaDB server version for the right syntax to use near '?' at line 1
[Fri,28-Jul-2017 12:46:09] En ligne : 17 From : C:\xampp\htdocs\projet2\model\db_genre.php Erreur sur la requête ::You have an error in your SQL syntax; check the manual that corresponds to your MariaDB server version for the right syntax to use near '?' at line 1
[Fri,28-Jul-2017 12:51:52] En ligne : 17 From : C:\xampp\htdocs\projet2\model\db_genre.php Erreur sur la requête ::You have an error in your SQL syntax; check the manual that corresponds to your MariaDB server version for the right syntax to use near '?' at line 1
[Fri,28-Jul-2017 12:52:46] En ligne : 17 From : C:\xampp\htdocs\projet2\model\db_genre.php Erreur sur la requête ::You have an error in your SQL syntax; check the manual that corresponds to your MariaDB server version for the right syntax to use near '?' at line 1
[Fri,28-Jul-2017 12:54:07] En ligne : 17 From : C:\xampp\htdocs\projet2\model\db_genre.php Erreur sur la requête ::You have an error in your SQL syntax; check the manual that corresponds to your MariaDB server version for the right syntax to use near '?' at line 1
[Fri,28-Jul-2017 12:54:42] En ligne : 17 From : C:\xampp\htdocs\projet2\model\db_genre.php Erreur sur la requête ::You have an error in your SQL syntax; check the manual that corresponds to your MariaDB server version for the right syntax to use near '?' at line 1
[Fri,28-Jul-2017 12:54:56] En ligne : 17 From : C:\xampp\htdocs\projet2\model\db_genre.php Erreur sur la requête ::You have an error in your SQL syntax; check the manual that corresponds to your MariaDB server version for the right syntax to use near '?' at line 1
[Fri,28-Jul-2017 12:55:43] En ligne : 17 From : C:\xampp\htdocs\projet2\model\db_genre.php Erreur sur la requête ::You have an error in your SQL syntax; check the manual that corresponds to your MariaDB server version for the right syntax to use near '?' at line 1
[Fri,28-Jul-2017 12:56:15] En ligne : 17 From : C:\xampp\htdocs\projet2\model\db_genre.php Erreur sur la requête ::You have an error in your SQL syntax; check the manual that corresponds to your MariaDB server version for the right syntax to use near '?' at line 1
[Fri,28-Jul-2017 12:56:23] En ligne : 17 From : C:\xampp\htdocs\projet2\model\db_genre.php Erreur sur la requête ::You have an error in your SQL syntax; check the manual that corresponds to your MariaDB server version for the right syntax to use near '?' at line 1
[Fri,28-Jul-2017 12:57:10] En ligne : 17 From : C:\xampp\htdocs\projet2\model\db_genre.php Erreur sur la requête ::You have an error in your SQL syntax; check the manual that corresponds to your MariaDB server version for the right syntax to use near '?' at line 1
[Fri,28-Jul-2017 12:57:26] En ligne : 17 From : C:\xampp\htdocs\projet2\model\db_genre.php Erreur sur la requête ::You have an error in your SQL syntax; check the manual that corresponds to your MariaDB server version for the right syntax to use near '?' at line 1
[Fri,28-Jul-2017 12:59:37] En ligne : 17 From : C:\xampp\htdocs\projet2\model\db_genre.php Erreur sur la requête ::You have an error in your SQL syntax; check the manual that corresponds to your MariaDB server version for the right syntax to use near '?' at line 1
[Fri,28-Jul-2017 13:01:17] En ligne : 17 From : C:\xampp\htdocs\projet2\model\db_genre.php Erreur sur la requête ::You have an error in your SQL syntax; check the manual that corresponds to your MariaDB server version for the right syntax to use near '?' at line 1
[Fri,28-Jul-2017 13:02:18] En ligne : 17 From : C:\xampp\htdocs\projet2\model\db_genre.php Erreur sur la requête ::You have an error in your SQL syntax; check the manual that corresponds to your MariaDB server version for the right syntax to use near '?' at line 1
[Fri,28-Jul-2017 13:18:27] En ligne : 8 From : C:\xampp\htdocs\projet2\index.php Erreur:Jeu existant
[Fri,28-Jul-2017 13:26:07] En ligne : 31 From : C:\xampp\htdocs\projet2\model\db_post.php 1
[Fri,28-Jul-2017 13:26:26] En ligne : 31 From : C:\xampp\htdocs\projet2\model\db_post.php 1
[Fri,28-Jul-2017 13:26:47] En ligne : 31 From : C:\xampp\htdocs\projet2\model\db_post.php 1
[Fri,28-Jul-2017 13:28:34] En ligne : 31 From : C:\xampp\htdocs\projet2\model\db_post.php 1
[Fri,28-Jul-2017 13:28:38] En ligne : 31 From : C:\xampp\htdocs\projet2\model\db_post.php 1
[Fri,28-Jul-2017 13:33:21] En ligne : 8 From : C:\xampp\htdocs\projet2\index.php Erreur:Profil modifier
[Fri,28-Jul-2017 13:33:26] En ligne : 8 From : C:\xampp\htdocs\projet2\index.php Erreur:Profil modifier
[Fri,28-Jul-2017 13:33:34] En ligne : 8 From : C:\xampp\htdocs\projet2\index.php Erreur:Profil modifier
[Fri,28-Jul-2017 13:37:32] En ligne : 8 From : C:\xampp\htdocs\projet2\index.php Erreur:Profil modifier
[Fri,28-Jul-2017 13:39:09] En ligne : 8 From : C:\xampp\htdocs\projet2\index.php Erreur:Jeu existant
[Fri,28-Jul-2017 14:00:49] En ligne : 8 From : C:\xampp\htdocs\projet2\index.php Erreur:Demande d'amis en cour
[Fri,28-Jul-2017 14:39:01] En ligne : 8 From : C:\xampp\htdocs\projet2\index.php Erreur:SALSIFIS
[Fri,28-Jul-2017 14:40:44] En ligne : 8 From : C:\xampp\htdocs\projet2\index.php Erreur:SALSIFIS
[Fri,28-Jul-2017 14:42:24] En ligne : 31 From : C:\xampp\htdocs\projet2\model\db_post.php 1
[Fri,28-Jul-2017 15:25:27] En ligne : 8 From : C:\xampp\htdocs\projet2\index.php Erreur:SALSIFIS
[Fri,28-Jul-2017 15:46:09] En ligne : 8 From : C:\xampp\htdocs\projet2\index.php Erreur:SALSIFIS
