[Thu,29-Jun-2017 10:44:42] En ligne : 8 From : C:\xampp\htdocs\projet2\index.php Erreur:Demande déja envoyer
[Thu,29-Jun-2017 10:52:36] En ligne : 24 From : C:\xampp\htdocs\projet2\model\db_amis.php Probleme avec 
[Thu,29-Jun-2017 11:04:01] En ligne : 8 From : C:\xampp\htdocs\projet2\index.php Erreur:Demande inexistante
[Thu,29-Jun-2017 11:04:53] En ligne : 397 From : C:\xampp\htdocs\projet2\controllers\_form_control.php Utilisateur non connecter
[Thu,29-Jun-2017 11:04:55] En ligne : 8 From : C:\xampp\htdocs\projet2\index.php Erreur:Vous devez etre connecter
[Thu,29-Jun-2017 11:06:02] En ligne : 397 From : C:\xampp\htdocs\projet2\controllers\_form_control.php Utilisateur non connecter
[Thu,29-Jun-2017 11:06:05] En ligne : 8 From : C:\xampp\htdocs\projet2\index.php Erreur:Vous devez etre connecter
[Thu,29-Jun-2017 11:06:48] En ligne : 397 From : C:\xampp\htdocs\projet2\controllers\_form_control.php Utilisateur non connecter
[Thu,29-Jun-2017 11:06:49] En ligne : 8 From : C:\xampp\htdocs\projet2\index.php Erreur:Vous devez etre connecter
[Thu,29-Jun-2017 11:06:53] En ligne : 397 From : C:\xampp\htdocs\projet2\controllers\_form_control.php Utilisateur non connecter
[Thu,29-Jun-2017 11:06:54] En ligne : 8 From : C:\xampp\htdocs\projet2\index.php Erreur:Vous devez etre connecter
[Thu,29-Jun-2017 11:23:22] En ligne : 8 From : C:\xampp\htdocs\projet2\index.php Erreur:Identification incorrect
[Thu,29-Jun-2017 11:28:09] En ligne : 8 From : C:\xampp\htdocs\projet2\index.php Erreur:Identification incorrect
[Thu,29-Jun-2017 11:28:19] En ligne : 8 From : C:\xampp\htdocs\projet2\index.php Erreur:Identification incorrect
[Thu,29-Jun-2017 11:35:39] En ligne : 8 From : C:\xampp\htdocs\projet2\index.php Erreur:Demande déja envoyer
[Thu,29-Jun-2017 11:35:41] En ligne : 8 From : C:\xampp\htdocs\projet2\index.php Erreur:Demande déja envoyer
[Thu,29-Jun-2017 11:35:42] En ligne : 8 From : C:\xampp\htdocs\projet2\index.php Erreur:Demande déja envoyer
[Thu,29-Jun-2017 11:35:42] En ligne : 8 From : C:\xampp\htdocs\projet2\index.php Erreur:Demande déja envoyer
[Thu,29-Jun-2017 11:35:43] En ligne : 8 From : C:\xampp\htdocs\projet2\index.php Erreur:Demande déja envoyer
[Thu,29-Jun-2017 11:35:44] En ligne : 8 From : C:\xampp\htdocs\projet2\index.php Erreur:Demande déja envoyer
[Thu,29-Jun-2017 11:35:51] En ligne : 8 From : C:\xampp\htdocs\projet2\index.php Erreur:Demande déja envoyer
[Thu,29-Jun-2017 11:35:58] En ligne : 8 From : C:\xampp\htdocs\projet2\index.php Erreur:Demande déja envoyer
[Thu,29-Jun-2017 11:36:02] En ligne : 8 From : C:\xampp\htdocs\projet2\index.php Erreur:Demande déja envoyer
[Thu,29-Jun-2017 11:37:15] En ligne : 8 From : C:\xampp\htdocs\projet2\index.php Erreur:Demande déja envoyer
[Thu,29-Jun-2017 11:38:18] En ligne : 398 From : C:\xampp\htdocs\projet2\controllers\_form_control.php Utilisateur non connecter
[Thu,29-Jun-2017 11:38:19] En ligne : 8 From : C:\xampp\htdocs\projet2\index.php Erreur:Vous devez etre connecter
[Thu,29-Jun-2017 11:38:49] En ligne : 403 From : C:\xampp\htdocs\projet2\controllers\_form_control.php Erreur Erreur d'utilisateur2
[Thu,29-Jun-2017 11:38:51] En ligne : 8 From : C:\xampp\htdocs\projet2\index.php Erreur:Erreur d'utilisateur
[Thu,29-Jun-2017 11:41:54] En ligne : 403 From : C:\xampp\htdocs\projet2\controllers\_form_control.php Erreur Erreur d'utilisateur2
[Thu,29-Jun-2017 11:41:56] En ligne : 8 From : C:\xampp\htdocs\projet2\index.php Erreur:Erreur d'utilisateur
[Thu,29-Jun-2017 11:43:14] En ligne : 24 From : C:\xampp\htdocs\projet2\model\db_amis.php Probleme avec 
[Thu,29-Jun-2017 11:44:12] En ligne : 404 From : C:\xampp\htdocs\projet2\controllers\_form_control.php Erreur Erreur d'utilisateur2
[Thu,29-Jun-2017 11:44:13] En ligne : 8 From : C:\xampp\htdocs\projet2\index.php Erreur:Erreur d'utilisateur
[Thu,29-Jun-2017 13:38:20] En ligne : 35 From : C:\xampp\htdocs\projet2\model\db_amis.php Probleme avec 
[Thu,29-Jun-2017 13:38:59] En ligne : 35 From : C:\xampp\htdocs\projet2\model\db_amis.php Probleme avec 
[Thu,29-Jun-2017 13:58:16] En ligne : 8 From : C:\xampp\htdocs\projet2\index.php Erreur:Compte existant
[Thu,29-Jun-2017 13:58:21] En ligne : 8 From : C:\xampp\htdocs\projet2\index.php Erreur:Compte existant
[Thu,29-Jun-2017 13:58:41] En ligne : 8 From : C:\xampp\htdocs\projet2\index.php Erreur:Demande d'amis en cour
[Thu,29-Jun-2017 13:58:42] En ligne : 8 From : C:\xampp\htdocs\projet2\index.php Erreur:Demande d'amis en cour
[Thu,29-Jun-2017 13:58:42] En ligne : 8 From : C:\xampp\htdocs\projet2\index.php Erreur:Demande d'amis en cour
[Thu,29-Jun-2017 14:01:29] En ligne : 8 From : C:\xampp\htdocs\projet2\index.php Erreur:Demande d'amis en cour
[Thu,29-Jun-2017 14:01:33] En ligne : 8 From : C:\xampp\htdocs\projet2\index.php Erreur:Demande d'amis en cour
[Thu,29-Jun-2017 14:01:44] En ligne : 8 From : C:\xampp\htdocs\projet2\index.php Erreur:Demande d'amis en cour
[Thu,29-Jun-2017 14:01:46] En ligne : 8 From : C:\xampp\htdocs\projet2\index.php Erreur:Demande d'amis en cour
[Thu,29-Jun-2017 14:08:56] En ligne : 8 From : C:\xampp\htdocs\projet2\index.php Erreur:Demande d'amis en cour
[Thu,29-Jun-2017 14:09:09] En ligne : 8 From : C:\xampp\htdocs\projet2\index.php Erreur:Demande d'amis en cour
[Thu,29-Jun-2017 14:09:10] En ligne : 8 From : C:\xampp\htdocs\projet2\index.php Erreur:Demande d'amis en cour
[Thu,29-Jun-2017 14:09:10] En ligne : 8 From : C:\xampp\htdocs\projet2\index.php Erreur:Demande d'amis en cour
[Thu,29-Jun-2017 14:09:47] En ligne : 8 From : C:\xampp\htdocs\projet2\index.php Erreur:Demande d'amis en cour
[Thu,29-Jun-2017 14:09:49] En ligne : 8 From : C:\xampp\htdocs\projet2\index.php Erreur:Demande d'amis en cour
[Thu,29-Jun-2017 14:09:49] En ligne : 8 From : C:\xampp\htdocs\projet2\index.php Erreur:Demande d'amis en cour
[Thu,29-Jun-2017 14:25:48] En ligne : 8 From : C:\xampp\htdocs\projet2\index.php Erreur:Demande d'amis en cour
[Thu,29-Jun-2017 14:25:49] En ligne : 8 From : C:\xampp\htdocs\projet2\index.php Erreur:Demande d'amis en cour
[Thu,29-Jun-2017 14:25:49] En ligne : 8 From : C:\xampp\htdocs\projet2\index.php Erreur:Demande d'amis en cour
[Thu,29-Jun-2017 14:25:50] En ligne : 8 From : C:\xampp\htdocs\projet2\index.php Erreur:Demande d'amis en cour
[Thu,29-Jun-2017 14:25:55] En ligne : 8 From : C:\xampp\htdocs\projet2\index.php Erreur:Demande d'amis en cour
[Thu,29-Jun-2017 14:25:55] En ligne : 8 From : C:\xampp\htdocs\projet2\index.php Erreur:Demande d'amis en cour
[Thu,29-Jun-2017 14:25:55] En ligne : 8 From : C:\xampp\htdocs\projet2\index.php Erreur:Demande d'amis en cour
[Thu,29-Jun-2017 14:26:04] En ligne : 8 From : C:\xampp\htdocs\projet2\index.php Erreur:Demande d'amis en cour
[Thu,29-Jun-2017 14:30:18] En ligne : 8 From : C:\xampp\htdocs\projet2\index.php Erreur:Demande d'amis en cour
[Thu,29-Jun-2017 14:30:19] En ligne : 8 From : C:\xampp\htdocs\projet2\index.php Erreur:Demande d'amis en cour
[Thu,29-Jun-2017 14:30:19] En ligne : 8 From : C:\xampp\htdocs\projet2\index.php Erreur:Demande d'amis en cour
[Thu,29-Jun-2017 14:30:36] En ligne : 8 From : C:\xampp\htdocs\projet2\index.php Erreur:Demande d'amis en cour
[Thu,29-Jun-2017 14:34:02] En ligne : 8 From : C:\xampp\htdocs\projet2\index.php Erreur:Demande d'amis en cour
[Thu,29-Jun-2017 14:39:10] En ligne : 32 From : C:\xampp\htdocs\projet2\model\db_utilisateur.php Probleme avec 
[Thu,29-Jun-2017 14:58:23] En ligne : 8 From : C:\xampp\htdocs\projet2\index.php Erreur:Identification incorrect
[Thu,29-Jun-2017 15:03:46] En ligne : 21 From : C:\xampp\htdocs\projet2\model\db_utilisateur.php Probleme avec 
[Thu,29-Jun-2017 15:03:46] En ligne : 21 From : C:\xampp\htdocs\projet2\model\db_utilisateur.php Probleme avec 
[Thu,29-Jun-2017 15:03:47] En ligne : 21 From : C:\xampp\htdocs\projet2\model\db_utilisateur.php Probleme avec 
[Thu,29-Jun-2017 15:04:13] En ligne : 21 From : C:\xampp\htdocs\projet2\model\db_utilisateur.php Probleme avec 
[Thu,29-Jun-2017 15:04:32] En ligne : 21 From : C:\xampp\htdocs\projet2\model\db_utilisateur.php Probleme avec 
[Thu,29-Jun-2017 15:04:33] En ligne : 21 From : C:\xampp\htdocs\projet2\model\db_utilisateur.php Probleme avec 
[Thu,29-Jun-2017 15:04:34] En ligne : 21 From : C:\xampp\htdocs\projet2\model\db_utilisateur.php Probleme avec 
[Thu,29-Jun-2017 15:04:34] En ligne : 21 From : C:\xampp\htdocs\projet2\model\db_utilisateur.php Probleme avec 
[Thu,29-Jun-2017 15:04:34] En ligne : 21 From : C:\xampp\htdocs\projet2\model\db_utilisateur.php Probleme avec 
[Thu,29-Jun-2017 15:04:34] En ligne : 21 From : C:\xampp\htdocs\projet2\model\db_utilisateur.php Probleme avec 
[Thu,29-Jun-2017 15:05:26] En ligne : 21 From : C:\xampp\htdocs\projet2\model\db_utilisateur.php Probleme avec 
[Thu,29-Jun-2017 15:05:51] En ligne : 23 From : C:\xampp\htdocs\projet2\model\db_utilisateur.php Probleme avec 
[Thu,29-Jun-2017 15:07:24] En ligne : 8 From : C:\xampp\htdocs\projet2\index.php Erreur:Demande d'amis en cour
[Thu,29-Jun-2017 15:23:13] En ligne : 23 From : C:\xampp\htdocs\projet2\model\db_utilisateur.php Probleme avec 
[Thu,29-Jun-2017 16:20:48] En ligne : 8 From : C:\xampp\htdocs\projet2\index.php Erreur:Demande d'amis en cour
[Thu,29-Jun-2017 16:20:50] En ligne : 8 From : C:\xampp\htdocs\projet2\index.php Erreur:Demande d'amis en cour
[Thu,29-Jun-2017 16:20:50] En ligne : 8 From : C:\xampp\htdocs\projet2\index.php Erreur:Demande d'amis en cour
[Thu,29-Jun-2017 16:25:15] En ligne : 10 From : C:\xampp\htdocs\projet2\index.php Erreur:Erreur de demande d'amis
[Thu,29-Jun-2017 16:25:16] En ligne : 10 From : C:\xampp\htdocs\projet2\index.php Erreur:Erreur de demande d'amis
[Thu,29-Jun-2017 16:25:17] En ligne : 10 From : C:\xampp\htdocs\projet2\index.php Erreur:Erreur de demande d'amis
[Thu,29-Jun-2017 16:27:06] En ligne : 11 From : C:\xampp\htdocs\projet2\index.php Erreur:Demande d'amis en cour
