[Tue,30-May-2017 10:02:13] En ligne : 77 Description de l'événement 
[Tue,30-May-2017 10:42:05] En ligne : 77 Description de l'événement 
[Tue,30-May-2017 10:45:32] En ligne : 77 Description de l'événement 
[Tue,30-May-2017 10:45:58] En ligne : 77 Description de l'événement 
[Tue,30-May-2017 10:46:05] En ligne : 77 Description de l'événement 
[Tue,30-May-2017 10:46:19] En ligne : 77 Description de l'événement 
[Tue,30-May-2017 10:46:32] En ligne : 77 Description de l'événement 
[Tue,30-May-2017 10:46:44] En ligne : 77 Description de l'événement 
[Tue,30-May-2017 10:47:10] En ligne : 77 Description de l'événement 
[Tue,30-May-2017 10:47:14] En ligne : 77 Description de l'événement 
[Tue,30-May-2017 10:48:10] En ligne : 6 Erreur:
[Tue,30-May-2017 10:48:10] En ligne : 78 Description de l'événement 
[Tue,30-May-2017 10:48:56] En ligne : 78 Description de l'événement 
[Tue,30-May-2017 10:52:06] En ligne : 78From : C:\xampp\htdocs\coursphp\index.php Description de l'événement 
[Tue,30-May-2017 10:53:42] En ligne : 78 From : C:\xampp\htdocs\coursphp\index.phpErreur:Description de l'événement 
[Tue,30-May-2017 10:54:19] En ligne : 78 From : C:\xampp\htdocs\coursphp\index.phpErreur:Description de l'événement 
[Tue,30-May-2017 10:54:23] En ligne : 78 From : C:\xampp\htdocs\coursphp\index.phpErreur:Description de l'événement 
[Tue,30-May-2017 10:54:26] En ligne : 6 From : C:\xampp\htdocs\coursphp\index.phpErreur:Erreur:fichier existant
[Tue,30-May-2017 10:54:26] En ligne : 78 From : C:\xampp\htdocs\coursphp\index.phpErreur:Description de l'événement 
[Tue,30-May-2017 10:55:07] En ligne : 78 From : C:\xampp\htdocs\coursphp\index.phpDescription de l'événement 
[Tue,30-May-2017 10:55:11] En ligne : 6 From : C:\xampp\htdocs\coursphp\index.phpErreur:fichier existant
[Tue,30-May-2017 10:55:11] En ligne : 78 From : C:\xampp\htdocs\coursphp\index.phpDescription de l'événement 
[Tue,30-May-2017 10:55:28] En ligne : 78 From : C:\xampp\htdocs\coursphp\index.php Description de l'événement 
[Tue,30-May-2017 10:55:31] En ligne : 6 From : C:\xampp\htdocs\coursphp\index.php Erreur:fichier existant
[Tue,30-May-2017 10:55:31] En ligne : 78 From : C:\xampp\htdocs\coursphp\index.php Description de l'événement 
[Tue,30-May-2017 10:57:27] En ligne : 6 From : C:\xampp\htdocs\coursphp\index.php Erreur:fichier existant
[Tue,30-May-2017 10:58:21] En ligne : 6 From : C:\xampp\htdocs\coursphp\index.php Erreur:fichier existant
[Tue,30-May-2017 10:59:25] En ligne : 6 From : C:\xampp\htdocs\coursphp\index.php Erreur:fichier existant
[Tue,30-May-2017 11:04:55] En ligne : 74 From : C:\xampp\htdocs\coursphp\controllers\_form_control.php Upload du fichier scorpi10.pngéchouée (Fichier Existant)
[Tue,30-May-2017 11:07:56] En ligne : 74 From : C:\xampp\htdocs\coursphp\controllers\_form_control.php Upload du fichier scorpi10.pngéchouée (Fichier Existant)
[Tue,30-May-2017 11:07:57] En ligne : 6 From : C:\xampp\htdocs\coursphp\index.php Erreur:fichier existant
[Tue,30-May-2017 11:08:02] En ligne : 74 From : C:\xampp\htdocs\coursphp\controllers\_form_control.php Upload du fichier scorpi10.pngéchouée (Fichier Existant)
[Tue,30-May-2017 11:17:24] En ligne : 6 From : C:\xampp\htdocs\coursphp\index.php Erreur:fichier existant
[Tue,30-May-2017 13:43:47] En ligne : 306 From : C:\xampp\htdocs\coursphp\cour.php Erreur de connexion1045:Access denied for user 'revue'@'localhost' (using password: YES)
[Tue,30-May-2017 15:15:56] En ligne : 9 From : C:\xampp\htdocs\coursphp\fonctions\fonctions_sql.php Erreur sur la requête :select * from internaute where 1=1 order by id asc:
[Tue,30-May-2017 15:16:07] En ligne : 17 From : C:\xampp\htdocs\coursphp\fonctions\fonctions_sql.php Erreur sur la requête :select * from internaute where 1=1 order by id asc:
[Tue,30-May-2017 15:16:45] En ligne : 30 From : C:\xampp\htdocs\coursphp\fonctions\fonctions_sql.php Erreur sur la requête :select * from internaute where 1=1 order by id asc:
[Tue,30-May-2017 15:18:34] En ligne : 30 From : C:\xampp\htdocs\coursphp\fonctions\fonctions_sql.php Erreur sur la requête :select * from internaute where 1=1 order by id asc:
[Tue,30-May-2017 15:18:35] En ligne : 30 From : C:\xampp\htdocs\coursphp\fonctions\fonctions_sql.php Erreur sur la requête :select * from internaute where 1=1 order by id asc:
[Tue,30-May-2017 15:18:36] En ligne : 30 From : C:\xampp\htdocs\coursphp\fonctions\fonctions_sql.php Erreur sur la requête :select * from internaute where 1=1 order by id asc:
[Tue,30-May-2017 15:19:32] En ligne : 30 From : C:\xampp\htdocs\coursphp\fonctions\fonctions_sql.php Erreur sur la requête :select * from internaute where 1=1 order by id asc:
[Tue,30-May-2017 15:19:32] En ligne : 30 From : C:\xampp\htdocs\coursphp\fonctions\fonctions_sql.php Erreur sur la requête :select * from internaute where 1=1 order by id asc:
[Tue,30-May-2017 15:19:49] En ligne : 30 From : C:\xampp\htdocs\coursphp\fonctions\fonctions_sql.php Erreur sur la requête :select * from internaute where 1=1 order by id asc:
[Tue,30-May-2017 15:19:50] En ligne : 30 From : C:\xampp\htdocs\coursphp\fonctions\fonctions_sql.php Erreur sur la requête :select * from internaute where 1=1 order by id asc:
[Tue,30-May-2017 15:19:50] En ligne : 30 From : C:\xampp\htdocs\coursphp\fonctions\fonctions_sql.php Erreur sur la requête :select * from internaute where 1=1 order by id asc:
[Tue,30-May-2017 15:19:51] En ligne : 30 From : C:\xampp\htdocs\coursphp\fonctions\fonctions_sql.php Erreur sur la requête :select * from internaute where 1=1 order by id asc:
[Tue,30-May-2017 15:20:05] En ligne : 30 From : C:\xampp\htdocs\coursphp\fonctions\fonctions_sql.php Erreur sur la requête :select * from internaute where 1=1 order by id asc:
[Tue,30-May-2017 15:25:36] En ligne : 22 From : C:\xampp\htdocs\coursphp\model\db_internaute.php Erreur sur la requête :select * from internaute where 1=1 order by id asc:
[Tue,30-May-2017 15:26:23] En ligne : 22 From : C:\xampp\htdocs\coursphp\model\db_internaute.php Erreur sur la requête :select * from internaute where 1=1 order by id asc:
[Tue,30-May-2017 15:26:24] En ligne : 22 From : C:\xampp\htdocs\coursphp\model\db_internaute.php Erreur sur la requête :select * from internaute where 1=1 order by id asc:
[Tue,30-May-2017 15:26:24] En ligne : 22 From : C:\xampp\htdocs\coursphp\model\db_internaute.php Erreur sur la requête :select * from internaute where 1=1 order by id asc:
[Tue,30-May-2017 15:26:30] En ligne : 22 From : C:\xampp\htdocs\coursphp\model\db_internaute.php Erreur sur la requête :select * from internaute where 1=1 order by id asc:
[Tue,30-May-2017 15:26:31] En ligne : 22 From : C:\xampp\htdocs\coursphp\model\db_internaute.php Erreur sur la requête :select * from internaute where 1=1 order by id asc:
[Tue,30-May-2017 15:26:31] En ligne : 22 From : C:\xampp\htdocs\coursphp\model\db_internaute.php Erreur sur la requête :select * from internaute where 1=1 order by id asc:
[Tue,30-May-2017 15:26:31] En ligne : 22 From : C:\xampp\htdocs\coursphp\model\db_internaute.php Erreur sur la requête :select * from internaute where 1=1 order by id asc:
[Tue,30-May-2017 15:26:31] En ligne : 22 From : C:\xampp\htdocs\coursphp\model\db_internaute.php Erreur sur la requête :select * from internaute where 1=1 order by id asc:
[Tue,30-May-2017 15:27:03] En ligne : 22 From : C:\xampp\htdocs\coursphp\model\db_internaute.php Erreur sur la requête :select * from internaute where 1=1 order by id asc:
[Tue,30-May-2017 15:27:33] En ligne : 22 From : C:\xampp\htdocs\coursphp\model\db_internaute.php Erreur sur la requête :select * from internaute where 1=1 order by id asc:
[Tue,30-May-2017 15:28:03] En ligne : 22 From : C:\xampp\htdocs\coursphp\model\db_internaute.php Erreur sur la requête :select * from internaute where 1=1 order by id asc:
[Tue,30-May-2017 16:18:35] En ligne : 8 From : C:\xampp\htdocs\coursphp\model\db_internaute.php Erreur sur la requête :select * from internaute where id= order by id asc:You have an error in your SQL syntax; check the manual that corresponds to your MariaDB server version for the right syntax to use near 'order by id asc' at line 1
[Tue,30-May-2017 16:19:07] En ligne : 8 From : C:\xampp\htdocs\coursphp\model\db_internaute.php Erreur sur la requête :select * from internaute where id= order by id asc:You have an error in your SQL syntax; check the manual that corresponds to your MariaDB server version for the right syntax to use near 'order by id asc' at line 1
[Tue,30-May-2017 16:21:44] En ligne : 8 From : C:\xampp\htdocs\coursphp\model\db_internaute.php Erreur sur la requête :select * from internaute where id= order by id asc:You have an error in your SQL syntax; check the manual that corresponds to your MariaDB server version for the right syntax to use near 'order by id asc' at line 1
[Tue,30-May-2017 16:22:06] En ligne : 8 From : C:\xampp\htdocs\coursphp\model\db_internaute.php Erreur sur la requête :select * from internaute where id= order by id asc:You have an error in your SQL syntax; check the manual that corresponds to your MariaDB server version for the right syntax to use near 'order by id asc' at line 1
[Tue,30-May-2017 16:22:08] En ligne : 8 From : C:\xampp\htdocs\coursphp\model\db_internaute.php Erreur sur la requête :select * from internaute where id= order by id asc:You have an error in your SQL syntax; check the manual that corresponds to your MariaDB server version for the right syntax to use near 'order by id asc' at line 1
[Tue,30-May-2017 16:22:43] En ligne : 8 From : C:\xampp\htdocs\coursphp\model\db_internaute.php Erreur sur la requête :select * from internaute where id= order by id asc:You have an error in your SQL syntax; check the manual that corresponds to your MariaDB server version for the right syntax to use near 'order by id asc' at line 1
[Tue,30-May-2017 16:23:00] En ligne : 8 From : C:\xampp\htdocs\coursphp\model\db_internaute.php Erreur sur la requête :select * from internaute where id= order by id asc:You have an error in your SQL syntax; check the manual that corresponds to your MariaDB server version for the right syntax to use near 'order by id asc' at line 1
[Tue,30-May-2017 16:23:13] En ligne : 8 From : C:\xampp\htdocs\coursphp\model\db_internaute.php Erreur sur la requête :select * from internaute where id= order by id asc:You have an error in your SQL syntax; check the manual that corresponds to your MariaDB server version for the right syntax to use near 'order by id asc' at line 1
[Tue,30-May-2017 16:24:21] En ligne : 8 From : C:\xampp\htdocs\coursphp\model\db_internaute.php Erreur sur la requête :select * from internaute where id= order by id asc:You have an error in your SQL syntax; check the manual that corresponds to your MariaDB server version for the right syntax to use near 'order by id asc' at line 1
[Tue,30-May-2017 16:24:23] En ligne : 8 From : C:\xampp\htdocs\coursphp\model\db_internaute.php Erreur sur la requête :select * from internaute where id= order by id asc:You have an error in your SQL syntax; check the manual that corresponds to your MariaDB server version for the right syntax to use near 'order by id asc' at line 1
[Tue,30-May-2017 16:26:29] En ligne : 8 From : C:\xampp\htdocs\coursphp\model\db_internaute.php Erreur sur la requête :select * from internaute where id= order by id asc:You have an error in your SQL syntax; check the manual that corresponds to your MariaDB server version for the right syntax to use near 'order by id asc' at line 1
[Tue,30-May-2017 16:28:04] En ligne : 29 From : C:\xampp\htdocs\coursphp\controllers\_form_control.php Erreur Password
[Tue,30-May-2017 16:28:04] En ligne : 7 From : C:\xampp\htdocs\coursphp\index.php Erreur:Erreur de Password
[Tue,30-May-2017 16:28:09] En ligne : 29 From : C:\xampp\htdocs\coursphp\controllers\_form_control.php Erreur Password
[Tue,30-May-2017 16:28:09] En ligne : 7 From : C:\xampp\htdocs\coursphp\index.php Erreur:Erreur de Password
[Tue,30-May-2017 16:34:11] En ligne : 8 From : C:\xampp\htdocs\coursphp\model\db_internaute.php Erreur sur la requête :select * from internaute where id= order by id asc:You have an error in your SQL syntax; check the manual that corresponds to your MariaDB server version for the right syntax to use near 'order by id asc' at line 1
[Tue,30-May-2017 16:34:42] En ligne : 8 From : C:\xampp\htdocs\coursphp\model\db_internaute.php Erreur sur la requête :select * from internaute where id= order by id asc:You have an error in your SQL syntax; check the manual that corresponds to your MariaDB server version for the right syntax to use near 'order by id asc' at line 1
[Tue,30-May-2017 16:34:44] En ligne : 8 From : C:\xampp\htdocs\coursphp\model\db_internaute.php Erreur sur la requête :select * from internaute where id= order by id asc:You have an error in your SQL syntax; check the manual that corresponds to your MariaDB server version for the right syntax to use near 'order by id asc' at line 1
[Tue,30-May-2017 16:35:09] En ligne : 8 From : C:\xampp\htdocs\coursphp\model\db_internaute.php Erreur sur la requête :select * from internaute where id= order by id asc:You have an error in your SQL syntax; check the manual that corresponds to your MariaDB server version for the right syntax to use near 'order by id asc' at line 1
[Tue,30-May-2017 16:35:11] En ligne : 8 From : C:\xampp\htdocs\coursphp\model\db_internaute.php Erreur sur la requête :select * from internaute where id= order by id asc:You have an error in your SQL syntax; check the manual that corresponds to your MariaDB server version for the right syntax to use near 'order by id asc' at line 1
[Tue,30-May-2017 16:35:52] En ligne : 8 From : C:\xampp\htdocs\coursphp\model\db_internaute.php Erreur sur la requête :select * from internaute where id= order by id asc:You have an error in your SQL syntax; check the manual that corresponds to your MariaDB server version for the right syntax to use near 'order by id asc' at line 1
[Tue,30-May-2017 16:35:54] En ligne : 8 From : C:\xampp\htdocs\coursphp\model\db_internaute.php Erreur sur la requête :select * from internaute where id= order by id asc:You have an error in your SQL syntax; check the manual that corresponds to your MariaDB server version for the right syntax to use near 'order by id asc' at line 1
[Tue,30-May-2017 16:36:02] En ligne : 8 From : C:\xampp\htdocs\coursphp\model\db_internaute.php Erreur sur la requête :select * from internaute where id= order by id asc:You have an error in your SQL syntax; check the manual that corresponds to your MariaDB server version for the right syntax to use near 'order by id asc' at line 1
[Tue,30-May-2017 16:36:04] En ligne : 8 From : C:\xampp\htdocs\coursphp\model\db_internaute.php Erreur sur la requête :select * from internaute where id= order by id asc:You have an error in your SQL syntax; check the manual that corresponds to your MariaDB server version for the right syntax to use near 'order by id asc' at line 1
