[Wed,31-May-2017 09:38:21] En ligne : 7 From : C:\xampp\htdocs\coursphp\index.php Erreur:Password ne correspondent pas
[Wed,31-May-2017 09:38:28] En ligne : 7 From : C:\xampp\htdocs\coursphp\index.php Erreur:Login Obligatoire
[Wed,31-May-2017 09:46:05] En ligne : 48 From : C:\xampp\htdocs\coursphp\controllers\_form_control.php Erreur Password
[Wed,31-May-2017 09:46:05] En ligne : 7 From : C:\xampp\htdocs\coursphp\index.php Erreur:Erreur de Password
[Wed,31-May-2017 09:46:19] En ligne : 48 From : C:\xampp\htdocs\coursphp\controllers\_form_control.php Erreur Password
[Wed,31-May-2017 09:46:19] En ligne : 7 From : C:\xampp\htdocs\coursphp\index.php Erreur:Erreur de Password
[Wed,31-May-2017 10:05:58] En ligne : 8 From : C:\xampp\htdocs\coursphp\index.php Erreur:Erreur D'Inscription
[Wed,31-May-2017 10:06:27] En ligne : 8 From : C:\xampp\htdocs\coursphp\index.php Erreur:Erreur D'Inscription
[Wed,31-May-2017 10:09:16] En ligne : 8 From : C:\xampp\htdocs\coursphp\index.php Erreur:Erreur pendant l'inscription, veuillez prendre contact !
[Wed,31-May-2017 10:47:05] En ligne : 12 From : C:\xampp\htdocs\coursphp\model\db_internaute.php Erreur sur la requête :select * from internaute where login=\'Benjamin\' and email=\'benjaminsineau@hotmail.fr\' order by id asc:You have an error in your SQL syntax; check the manual that corresponds to your MariaDB server version for the right syntax to use near '\'Benjamin\' and email=\'benjaminsineau@hotmail.fr\' order by id asc' at line 1
[Wed,31-May-2017 10:47:17] En ligne : 12 From : C:\xampp\htdocs\coursphp\model\db_internaute.php Erreur sur la requête :select * from internaute where login=\'Benjamin\' and email=\'benjaminsineau@hotmail.fr\' order by id asc:You have an error in your SQL syntax; check the manual that corresponds to your MariaDB server version for the right syntax to use near '\'Benjamin\' and email=\'benjaminsineau@hotmail.fr\' order by id asc' at line 1
[Wed,31-May-2017 10:54:54] En ligne : 12 From : C:\xampp\htdocs\coursphp\model\db_internaute.php Erreur sur la requête :select * from internaute where login=\'Benjamin\' and email=\'benjaminsineau@hotmail.fr\' order by id asc:You have an error in your SQL syntax; check the manual that corresponds to your MariaDB server version for the right syntax to use near '\'Benjamin\' and email=\'benjaminsineau@hotmail.fr\' order by id asc' at line 1
[Wed,31-May-2017 11:01:41] En ligne : 59 From : C:\xampp\htdocs\coursphp\model\db_internaute.php Erreur sur la requête ::You have an error in your SQL syntax; check the manual that corresponds to your MariaDB server version for the right syntax to use near 'order by' at line 1
[Wed,31-May-2017 11:01:59] En ligne : 59 From : C:\xampp\htdocs\coursphp\model\db_internaute.php Erreur sur la requête ::You have an error in your SQL syntax; check the manual that corresponds to your MariaDB server version for the right syntax to use near 'order by' at line 1
[Wed,31-May-2017 11:02:51] En ligne : 59 From : C:\xampp\htdocs\coursphp\model\db_internaute.php Erreur sur la requête ::You have an error in your SQL syntax; check the manual that corresponds to your MariaDB server version for the right syntax to use near 'order by' at line 1
[Wed,31-May-2017 11:04:05] En ligne : 59 From : C:\xampp\htdocs\coursphp\model\db_internaute.php Erreur sur la requête ::You have an error in your SQL syntax; check the manual that corresponds to your MariaDB server version for the right syntax to use near 'order by' at line 1
[Wed,31-May-2017 11:04:45] En ligne : 59 From : C:\xampp\htdocs\coursphp\model\db_internaute.php Erreur sur la requête ::You have an error in your SQL syntax; check the manual that corresponds to your MariaDB server version for the right syntax to use near 'order by' at line 1
[Wed,31-May-2017 11:05:33] En ligne : 59 From : C:\xampp\htdocs\coursphp\model\db_internaute.php Erreur sur la requête ::You have an error in your SQL syntax; check the manual that corresponds to your MariaDB server version for the right syntax to use near 'order by' at line 1
[Wed,31-May-2017 11:09:25] En ligne : 8 From : C:\xampp\htdocs\coursphp\index.php Erreur:Password ne correspondent pas
[Wed,31-May-2017 11:09:34] En ligne : 59 From : C:\xampp\htdocs\coursphp\model\db_internaute.php Erreur sur la requête ::You have an error in your SQL syntax; check the manual that corresponds to your MariaDB server version for the right syntax to use near 'order by id asc' at line 1
[Wed,31-May-2017 11:13:25] En ligne : 8 From : C:\xampp\htdocs\coursphp\index.php Erreur:Compte existant
[Wed,31-May-2017 11:29:11] En ligne : 12 From : C:\xampp\htdocs\coursphp\model\db_internaute.php Erreur sur la requête :select * from internaute where identifiant=\'Benjamin\' and mdp=\'111\' order by id asc:You have an error in your SQL syntax; check the manual that corresponds to your MariaDB server version for the right syntax to use near '\'Benjamin\' and mdp=\'111\' order by id asc' at line 1
[Wed,31-May-2017 11:29:15] En ligne : 12 From : C:\xampp\htdocs\coursphp\model\db_internaute.php Erreur sur la requête :select * from internaute where identifiant=\'Benjamin\' and mdp=\'111\' order by id asc:You have an error in your SQL syntax; check the manual that corresponds to your MariaDB server version for the right syntax to use near '\'Benjamin\' and mdp=\'111\' order by id asc' at line 1
[Wed,31-May-2017 11:29:41] En ligne : 12 From : C:\xampp\htdocs\coursphp\model\db_internaute.php Erreur sur la requête :select * from internaute where identifiant=\'Benjamin\' and mdp=\'111\' order by id asc:You have an error in your SQL syntax; check the manual that corresponds to your MariaDB server version for the right syntax to use near '\'Benjamin\' and mdp=\'111\' order by id asc' at line 1
[Wed,31-May-2017 11:30:01] En ligne : 12 From : C:\xampp\htdocs\coursphp\model\db_internaute.php Erreur sur la requête :select * from internaute where identifiant=\'Benjamin\' and mdp=\'111\' order by id asc:You have an error in your SQL syntax; check the manual that corresponds to your MariaDB server version for the right syntax to use near '\'Benjamin\' and mdp=\'111\' order by id asc' at line 1
[Wed,31-May-2017 11:31:24] En ligne : 12 From : C:\xampp\htdocs\coursphp\model\db_internaute.php Erreur sur la requête :select * from internaute where login=\'Benjamin\' and password=\'111\' order by id asc:You have an error in your SQL syntax; check the manual that corresponds to your MariaDB server version for the right syntax to use near '\'Benjamin\' and password=\'111\' order by id asc' at line 1
[Wed,31-May-2017 11:31:29] En ligne : 12 From : C:\xampp\htdocs\coursphp\model\db_internaute.php Erreur sur la requête :select * from internaute where login=\'Benjamin\' and password=\'111\' order by id asc:You have an error in your SQL syntax; check the manual that corresponds to your MariaDB server version for the right syntax to use near '\'Benjamin\' and password=\'111\' order by id asc' at line 1
[Wed,31-May-2017 11:31:33] En ligne : 12 From : C:\xampp\htdocs\coursphp\model\db_internaute.php Erreur sur la requête :select * from internaute where login=\'Benjamin\' and password=\'111\' order by id asc:You have an error in your SQL syntax; check the manual that corresponds to your MariaDB server version for the right syntax to use near '\'Benjamin\' and password=\'111\' order by id asc' at line 1
[Wed,31-May-2017 11:32:11] En ligne : 12 From : C:\xampp\htdocs\coursphp\model\db_internaute.php Erreur sur la requête :select * from internaute where login=\'Benjamin\' and password=\'111\' order by id asc:You have an error in your SQL syntax; check the manual that corresponds to your MariaDB server version for the right syntax to use near '\'Benjamin\' and password=\'111\' order by id asc' at line 1
[Wed,31-May-2017 11:33:02] En ligne : 12 From : C:\xampp\htdocs\coursphp\model\db_internaute.php Erreur sur la requête :select * from internaute where login=\'Benjamin\' and password=\'111\' order by id asc:You have an error in your SQL syntax; check the manual that corresponds to your MariaDB server version for the right syntax to use near '\'Benjamin\' and password=\'111\' order by id asc' at line 1
[Wed,31-May-2017 11:33:36] En ligne : 12 From : C:\xampp\htdocs\coursphp\model\db_internaute.php Erreur sur la requête :select * from internaute where login=\'Benjamin\' and password=\'111\' order by id asc:You have an error in your SQL syntax; check the manual that corresponds to your MariaDB server version for the right syntax to use near '\'Benjamin\' and password=\'111\' order by id asc' at line 1
[Wed,31-May-2017 11:33:41] En ligne : 12 From : C:\xampp\htdocs\coursphp\model\db_internaute.php Erreur sur la requête :select * from internaute where login=\'Benjamin\' and password=\'111\' order by id asc:You have an error in your SQL syntax; check the manual that corresponds to your MariaDB server version for the right syntax to use near '\'Benjamin\' and password=\'111\' order by id asc' at line 1
[Wed,31-May-2017 11:33:59] En ligne : 12 From : C:\xampp\htdocs\coursphp\model\db_internaute.php Erreur sur la requête :select * from internaute where login=\'Benjamin\' and password=\'111\' order by id asc:You have an error in your SQL syntax; check the manual that corresponds to your MariaDB server version for the right syntax to use near '\'Benjamin\' and password=\'111\' order by id asc' at line 1
[Wed,31-May-2017 11:34:09] En ligne : 12 From : C:\xampp\htdocs\coursphp\model\db_internaute.php Erreur sur la requête :select * from internaute where login=\'Benjamin\' and password=\'111\' order by id asc:You have an error in your SQL syntax; check the manual that corresponds to your MariaDB server version for the right syntax to use near '\'Benjamin\' and password=\'111\' order by id asc' at line 1
[Wed,31-May-2017 11:34:21] En ligne : 12 From : C:\xampp\htdocs\coursphp\model\db_internaute.php Erreur sur la requête :select * from internaute where login=\'Benjamin\' and password=\'111\' order by id asc:You have an error in your SQL syntax; check the manual that corresponds to your MariaDB server version for the right syntax to use near '\'Benjamin\' and password=\'111\' order by id asc' at line 1
[Wed,31-May-2017 11:39:35] En ligne : 8 From : C:\xampp\htdocs\coursphp\index.php Erreur:Identification incorrect
[Wed,31-May-2017 11:39:39] En ligne : 8 From : C:\xampp\htdocs\coursphp\index.php Erreur:Identification incorrect
[Wed,31-May-2017 11:39:49] En ligne : 8 From : C:\xampp\htdocs\coursphp\index.php Erreur:Identification incorrect
[Wed,31-May-2017 11:39:50] En ligne : 8 From : C:\xampp\htdocs\coursphp\index.php Erreur:Identification incorrect
[Wed,31-May-2017 11:39:51] En ligne : 8 From : C:\xampp\htdocs\coursphp\index.php Erreur:Identification incorrect
[Wed,31-May-2017 11:39:52] En ligne : 8 From : C:\xampp\htdocs\coursphp\index.php Erreur:Identification incorrect
[Wed,31-May-2017 11:39:53] En ligne : 8 From : C:\xampp\htdocs\coursphp\index.php Erreur:Identification incorrect
[Wed,31-May-2017 11:39:53] En ligne : 8 From : C:\xampp\htdocs\coursphp\index.php Erreur:Identification incorrect
[Wed,31-May-2017 11:39:54] En ligne : 8 From : C:\xampp\htdocs\coursphp\index.php Erreur:Identification incorrect
[Wed,31-May-2017 11:39:59] En ligne : 8 From : C:\xampp\htdocs\coursphp\index.php Erreur:Identification incorrect
[Wed,31-May-2017 11:40:00] En ligne : 8 From : C:\xampp\htdocs\coursphp\index.php Erreur:Identification incorrect
[Wed,31-May-2017 11:43:01] En ligne : 8 From : C:\xampp\htdocs\coursphp\index.php Erreur:Identification incorrect
